[0.960s] DEBUG:colcon:Command line arguments: ['/usr/bin/colcon', 'build', '--symlink-install']
[0.960s] DEBUG:colcon:Parsed command line arguments: Namespace(log_base=None, log_level=None, verb_name='build', build_base='build', install_base='install', merge_install=False, symlink_install=True, test_result_base=None, continue_on_error=False, executor='parallel', parallel_workers=4, event_handlers=None, ignore_user_meta=False, metas=['./colcon.meta'], base_paths=['.'], packages_ignore=None, packages_ignore_regex=None, paths=None, packages_up_to=None, packages_up_to_regex=None, packages_above=None, packages_above_and_dependencies=None, packages_above_depth=None, packages_select_by_dep=None, packages_skip_by_dep=None, packages_skip_up_to=None, packages_select_build_failed=False, packages_skip_build_finished=False, packages_select_test_failures=False, packages_skip_test_passed=False, packages_select=None, packages_skip=None, packages_select_regex=None, packages_skip_regex=None, packages_start=None, packages_end=None, allow_overriding=[], cmake_args=None, cmake_target=None, cmake_target_skip_unavailable=False, cmake_clean_cache=False, cmake_clean_first=False, cmake_force_configure=False, ament_cmake_args=None, catkin_cmake_args=None, catkin_skip_building_tests=False, verb_parser=<colcon_defaults.argument_parser.defaults.DefaultArgumentsDecorator object at 0x7fc2e78ae350>, verb_extension=<colcon_core.verb.build.BuildVerb object at 0x7fc2e78ad990>, main=<bound method BuildVerb.main of <colcon_core.verb.build.BuildVerb object at 0x7fc2e78ad990>>)
[1.017s] Level 1:colcon.colcon_core.package_discovery:discover_packages(colcon_meta) check parameters
[1.017s] Level 1:colcon.colcon_core.package_discovery:discover_packages(recursive) check parameters
[1.017s] Level 1:colcon.colcon_core.package_discovery:discover_packages(ignore) check parameters
[1.017s] Level 1:colcon.colcon_core.package_discovery:discover_packages(path) check parameters
[1.017s] Level 1:colcon.colcon_core.package_discovery:discover_packages(colcon_meta) discover
[1.018s] Level 1:colcon.colcon_core.package_discovery:discover_packages(recursive) discover
[1.018s] INFO:colcon.colcon_core.package_discovery:Crawling recursively for packages in '/home/ons/trial_ws/SMU_car3'
[1.018s] Level 1:colcon.colcon_core.package_identification:_identify(.) by extensions ['ignore', 'ignore_ament_install']
[1.018s] Level 1:colcon.colcon_core.package_identification:_identify(.) by extension 'ignore'
[1.018s] Level 1:colcon.colcon_core.package_identification:_identify(.) by extension 'ignore_ament_install'
[1.018s] Level 1:colcon.colcon_core.package_identification:_identify(.) by extensions ['colcon_pkg']
[1.018s] Level 1:colcon.colcon_core.package_identification:_identify(.) by extension 'colcon_pkg'
[1.018s] Level 1:colcon.colcon_core.package_identification:_identify(.) by extensions ['colcon_meta']
[1.018s] Level 1:colcon.colcon_core.package_identification:_identify(.) by extension 'colcon_meta'
[1.018s] Level 1:colcon.colcon_core.package_identification:_identify(.) by extensions ['ros']
[1.018s] Level 1:colcon.colcon_core.package_identification:_identify(.) by extension 'ros'
[1.031s] Level 1:colcon.colcon_core.package_identification:_identify(.) by extensions ['cmake', 'python']
[1.032s] Level 1:colcon.colcon_core.package_identification:_identify(.) by extension 'cmake'
[1.032s] Level 1:colcon.colcon_core.package_identification:_identify(.) by extension 'python'
[1.032s] Level 1:colcon.colcon_core.package_identification:_identify(.) by extensions ['python_setup_py']
[1.032s] Level 1:colcon.colcon_core.package_identification:_identify(.) by extension 'python_setup_py'
[1.032s] Level 1:colcon.colcon_core.package_identification:_identify(build) by extensions ['ignore', 'ignore_ament_install']
[1.032s] Level 1:colcon.colcon_core.package_identification:_identify(build) by extension 'ignore'
[1.032s] Level 1:colcon.colcon_core.package_identification:_identify(build) ignored
[1.032s] Level 1:colcon.colcon_core.package_identification:_identify(install) by extensions ['ignore', 'ignore_ament_install']
[1.032s] Level 1:colcon.colcon_core.package_identification:_identify(install) by extension 'ignore'
[1.032s] Level 1:colcon.colcon_core.package_identification:_identify(install) ignored
[1.032s] Level 1:colcon.colcon_core.package_identification:_identify(log) by extensions ['ignore', 'ignore_ament_install']
[1.032s] Level 1:colcon.colcon_core.package_identification:_identify(log) by extension 'ignore'
[1.032s] Level 1:colcon.colcon_core.package_identification:_identify(log) ignored
[1.032s] Level 1:colcon.colcon_core.package_identification:_identify(src) by extensions ['ignore', 'ignore_ament_install']
[1.032s] Level 1:colcon.colcon_core.package_identification:_identify(src) by extension 'ignore'
[1.033s] Level 1:colcon.colcon_core.package_identification:_identify(src) by extension 'ignore_ament_install'
[1.033s] Level 1:colcon.colcon_core.package_identification:_identify(src) by extensions ['colcon_pkg']
[1.033s] Level 1:colcon.colcon_core.package_identification:_identify(src) by extension 'colcon_pkg'
[1.033s] Level 1:colcon.colcon_core.package_identification:_identify(src) by extensions ['colcon_meta']
[1.033s] Level 1:colcon.colcon_core.package_identification:_identify(src) by extension 'colcon_meta'
[1.033s] Level 1:colcon.colcon_core.package_identification:_identify(src) by extensions ['ros']
[1.033s] Level 1:colcon.colcon_core.package_identification:_identify(src) by extension 'ros'
[1.033s] Level 1:colcon.colcon_core.package_identification:_identify(src) by extensions ['cmake', 'python']
[1.033s] Level 1:colcon.colcon_core.package_identification:_identify(src) by extension 'cmake'
[1.033s] Level 1:colcon.colcon_core.package_identification:_identify(src) by extension 'python'
[1.033s] Level 1:colcon.colcon_core.package_identification:_identify(src) by extensions ['python_setup_py']
[1.033s] Level 1:colcon.colcon_core.package_identification:_identify(src) by extension 'python_setup_py'
[1.033s] Level 1:colcon.colcon_core.package_identification:_identify(src/articubot_one) by extensions ['ignore', 'ignore_ament_install']
[1.033s] Level 1:colcon.colcon_core.package_identification:_identify(src/articubot_one) by extension 'ignore'
[1.033s] Level 1:colcon.colcon_core.package_identification:_identify(src/articubot_one) by extension 'ignore_ament_install'
[1.033s] Level 1:colcon.colcon_core.package_identification:_identify(src/articubot_one) by extensions ['colcon_pkg']
[1.033s] Level 1:colcon.colcon_core.package_identification:_identify(src/articubot_one) by extension 'colcon_pkg'
[1.033s] Level 1:colcon.colcon_core.package_identification:_identify(src/articubot_one) by extensions ['colcon_meta']
[1.033s] Level 1:colcon.colcon_core.package_identification:_identify(src/articubot_one) by extension 'colcon_meta'
[1.033s] Level 1:colcon.colcon_core.package_identification:_identify(src/articubot_one) by extensions ['ros']
[1.033s] Level 1:colcon.colcon_core.package_identification:_identify(src/articubot_one) by extension 'ros'
[1.036s] DEBUG:colcon.colcon_core.package_identification:Package 'src/articubot_one' with type 'ros.ament_cmake' and name 'articubot_one'
[1.036s] Level 1:colcon.colcon_core.package_identification:_identify(src/diffdrive_arduino) by extensions ['ignore', 'ignore_ament_install']
[1.036s] Level 1:colcon.colcon_core.package_identification:_identify(src/diffdrive_arduino) by extension 'ignore'
[1.036s] Level 1:colcon.colcon_core.package_identification:_identify(src/diffdrive_arduino) by extension 'ignore_ament_install'
[1.036s] Level 1:colcon.colcon_core.package_identification:_identify(src/diffdrive_arduino) by extensions ['colcon_pkg']
[1.036s] Level 1:colcon.colcon_core.package_identification:_identify(src/diffdrive_arduino) by extension 'colcon_pkg'
[1.037s] Level 1:colcon.colcon_core.package_identification:_identify(src/diffdrive_arduino) by extensions ['colcon_meta']
[1.037s] Level 1:colcon.colcon_core.package_identification:_identify(src/diffdrive_arduino) by extension 'colcon_meta'
[1.037s] Level 1:colcon.colcon_core.package_identification:_identify(src/diffdrive_arduino) by extensions ['ros']
[1.037s] Level 1:colcon.colcon_core.package_identification:_identify(src/diffdrive_arduino) by extension 'ros'
[1.037s] DEBUG:colcon.colcon_core.package_identification:Package 'src/diffdrive_arduino' with type 'ros.ament_cmake' and name 'diffdrive_arduino'
[1.038s] Level 1:colcon.colcon_core.package_identification:_identify(src/serial_motor_demo) by extensions ['ignore', 'ignore_ament_install']
[1.038s] Level 1:colcon.colcon_core.package_identification:_identify(src/serial_motor_demo) by extension 'ignore'
[1.038s] Level 1:colcon.colcon_core.package_identification:_identify(src/serial_motor_demo) by extension 'ignore_ament_install'
[1.038s] Level 1:colcon.colcon_core.package_identification:_identify(src/serial_motor_demo) by extensions ['colcon_pkg']
[1.038s] Level 1:colcon.colcon_core.package_identification:_identify(src/serial_motor_demo) by extension 'colcon_pkg'
[1.038s] Level 1:colcon.colcon_core.package_identification:_identify(src/serial_motor_demo) by extensions ['colcon_meta']
[1.038s] Level 1:colcon.colcon_core.package_identification:_identify(src/serial_motor_demo) by extension 'colcon_meta'
[1.038s] Level 1:colcon.colcon_core.package_identification:_identify(src/serial_motor_demo) by extensions ['ros']
[1.038s] Level 1:colcon.colcon_core.package_identification:_identify(src/serial_motor_demo) by extension 'ros'
[1.038s] Level 1:colcon.colcon_core.package_identification:_identify(src/serial_motor_demo) by extensions ['cmake', 'python']
[1.038s] Level 1:colcon.colcon_core.package_identification:_identify(src/serial_motor_demo) by extension 'cmake'
[1.038s] Level 1:colcon.colcon_core.package_identification:_identify(src/serial_motor_demo) by extension 'python'
[1.038s] Level 1:colcon.colcon_core.package_identification:_identify(src/serial_motor_demo) by extensions ['python_setup_py']
[1.038s] Level 1:colcon.colcon_core.package_identification:_identify(src/serial_motor_demo) by extension 'python_setup_py'
[1.038s] Level 1:colcon.colcon_core.package_identification:_identify(src/serial_motor_demo/serial_motor_demo) by extensions ['ignore', 'ignore_ament_install']
[1.039s] Level 1:colcon.colcon_core.package_identification:_identify(src/serial_motor_demo/serial_motor_demo) by extension 'ignore'
[1.039s] Level 1:colcon.colcon_core.package_identification:_identify(src/serial_motor_demo/serial_motor_demo) by extension 'ignore_ament_install'
[1.039s] Level 1:colcon.colcon_core.package_identification:_identify(src/serial_motor_demo/serial_motor_demo) by extensions ['colcon_pkg']
[1.039s] Level 1:colcon.colcon_core.package_identification:_identify(src/serial_motor_demo/serial_motor_demo) by extension 'colcon_pkg'
[1.039s] Level 1:colcon.colcon_core.package_identification:_identify(src/serial_motor_demo/serial_motor_demo) by extensions ['colcon_meta']
[1.039s] Level 1:colcon.colcon_core.package_identification:_identify(src/serial_motor_demo/serial_motor_demo) by extension 'colcon_meta'
[1.039s] Level 1:colcon.colcon_core.package_identification:_identify(src/serial_motor_demo/serial_motor_demo) by extensions ['ros']
[1.039s] Level 1:colcon.colcon_core.package_identification:_identify(src/serial_motor_demo/serial_motor_demo) by extension 'ros'
[1.040s] DEBUG:colcon.colcon_core.package_identification:Package 'src/serial_motor_demo/serial_motor_demo' with type 'ros.ament_python' and name 'serial_motor_demo'
[1.040s] Level 1:colcon.colcon_core.package_identification:_identify(src/serial_motor_demo/serial_motor_demo_msgs) by extensions ['ignore', 'ignore_ament_install']
[1.040s] Level 1:colcon.colcon_core.package_identification:_identify(src/serial_motor_demo/serial_motor_demo_msgs) by extension 'ignore'
[1.040s] Level 1:colcon.colcon_core.package_identification:_identify(src/serial_motor_demo/serial_motor_demo_msgs) by extension 'ignore_ament_install'
[1.040s] Level 1:colcon.colcon_core.package_identification:_identify(src/serial_motor_demo/serial_motor_demo_msgs) by extensions ['colcon_pkg']
[1.040s] Level 1:colcon.colcon_core.package_identification:_identify(src/serial_motor_demo/serial_motor_demo_msgs) by extension 'colcon_pkg'
[1.040s] Level 1:colcon.colcon_core.package_identification:_identify(src/serial_motor_demo/serial_motor_demo_msgs) by extensions ['colcon_meta']
[1.040s] Level 1:colcon.colcon_core.package_identification:_identify(src/serial_motor_demo/serial_motor_demo_msgs) by extension 'colcon_meta'
[1.040s] Level 1:colcon.colcon_core.package_identification:_identify(src/serial_motor_demo/serial_motor_demo_msgs) by extensions ['ros']
[1.040s] Level 1:colcon.colcon_core.package_identification:_identify(src/serial_motor_demo/serial_motor_demo_msgs) by extension 'ros'
[1.041s] DEBUG:colcon.colcon_core.package_identification:Package 'src/serial_motor_demo/serial_motor_demo_msgs' with type 'ros.ament_cmake' and name 'serial_motor_demo_msgs'
[1.041s] Level 1:colcon.colcon_core.package_identification:_identify(src/test_node) by extensions ['ignore', 'ignore_ament_install']
[1.041s] Level 1:colcon.colcon_core.package_identification:_identify(src/test_node) by extension 'ignore'
[1.041s] Level 1:colcon.colcon_core.package_identification:_identify(src/test_node) by extension 'ignore_ament_install'
[1.041s] Level 1:colcon.colcon_core.package_identification:_identify(src/test_node) by extensions ['colcon_pkg']
[1.041s] Level 1:colcon.colcon_core.package_identification:_identify(src/test_node) by extension 'colcon_pkg'
[1.041s] Level 1:colcon.colcon_core.package_identification:_identify(src/test_node) by extensions ['colcon_meta']
[1.041s] Level 1:colcon.colcon_core.package_identification:_identify(src/test_node) by extension 'colcon_meta'
[1.041s] Level 1:colcon.colcon_core.package_identification:_identify(src/test_node) by extensions ['ros']
[1.041s] Level 1:colcon.colcon_core.package_identification:_identify(src/test_node) by extension 'ros'
[1.042s] DEBUG:colcon.colcon_core.package_identification:Package 'src/test_node' with type 'ros.ament_python' and name 'test_node'
[1.042s] Level 1:colcon.colcon_core.package_identification:_identify(src/ydlidar_ros2) by extensions ['ignore', 'ignore_ament_install']
[1.042s] Level 1:colcon.colcon_core.package_identification:_identify(src/ydlidar_ros2) by extension 'ignore'
[1.042s] Level 1:colcon.colcon_core.package_identification:_identify(src/ydlidar_ros2) by extension 'ignore_ament_install'
[1.042s] Level 1:colcon.colcon_core.package_identification:_identify(src/ydlidar_ros2) by extensions ['colcon_pkg']
[1.042s] Level 1:colcon.colcon_core.package_identification:_identify(src/ydlidar_ros2) by extension 'colcon_pkg'
[1.042s] Level 1:colcon.colcon_core.package_identification:_identify(src/ydlidar_ros2) by extensions ['colcon_meta']
[1.042s] Level 1:colcon.colcon_core.package_identification:_identify(src/ydlidar_ros2) by extension 'colcon_meta'
[1.042s] Level 1:colcon.colcon_core.package_identification:_identify(src/ydlidar_ros2) by extensions ['ros']
[1.042s] Level 1:colcon.colcon_core.package_identification:_identify(src/ydlidar_ros2) by extension 'ros'
[1.043s] DEBUG:colcon.colcon_core.package_identification:Package 'src/ydlidar_ros2' with type 'ros.ament_cmake' and name 'ydlidar'
[1.043s] Level 1:colcon.colcon_core.package_discovery:discover_packages(recursive) using defaults
[1.043s] Level 1:colcon.colcon_core.package_discovery:discover_packages(ignore) discover
[1.043s] Level 1:colcon.colcon_core.package_discovery:discover_packages(ignore) using defaults
[1.043s] Level 1:colcon.colcon_core.package_discovery:discover_packages(path) discover
[1.043s] Level 1:colcon.colcon_core.package_discovery:discover_packages(path) using defaults
[1.177s] Level 1:colcon.colcon_core.package_discovery:discover_packages(prefix_path) check parameters
[1.178s] Level 1:colcon.colcon_core.package_discovery:discover_packages(prefix_path) discover
[1.210s] DEBUG:colcon.colcon_installed_package_information.package_discovery:Found 369 installed packages in /opt/ros/humble
[1.212s] Level 1:colcon.colcon_core.package_discovery:discover_packages(prefix_path) using defaults
[1.355s] Level 5:colcon.colcon_core.verb:set package 'articubot_one' build argument 'cmake_args' from command line to 'None'
[1.355s] Level 5:colcon.colcon_core.verb:set package 'articubot_one' build argument 'cmake_target' from command line to 'None'
[1.355s] Level 5:colcon.colcon_core.verb:set package 'articubot_one' build argument 'cmake_target_skip_unavailable' from command line to 'False'
[1.355s] Level 5:colcon.colcon_core.verb:set package 'articubot_one' build argument 'cmake_clean_cache' from command line to 'False'
[1.355s] Level 5:colcon.colcon_core.verb:set package 'articubot_one' build argument 'cmake_clean_first' from command line to 'False'
[1.355s] Level 5:colcon.colcon_core.verb:set package 'articubot_one' build argument 'cmake_force_configure' from command line to 'False'
[1.355s] Level 5:colcon.colcon_core.verb:set package 'articubot_one' build argument 'ament_cmake_args' from command line to 'None'
[1.355s] Level 5:colcon.colcon_core.verb:set package 'articubot_one' build argument 'catkin_cmake_args' from command line to 'None'
[1.355s] Level 5:colcon.colcon_core.verb:set package 'articubot_one' build argument 'catkin_skip_building_tests' from command line to 'False'
[1.355s] DEBUG:colcon.colcon_core.verb:Building package 'articubot_one' with the following arguments: {'ament_cmake_args': None, 'build_base': '/home/ons/trial_ws/SMU_car3/build/articubot_one', 'catkin_cmake_args': None, 'catkin_skip_building_tests': False, 'cmake_args': None, 'cmake_clean_cache': False, 'cmake_clean_first': False, 'cmake_force_configure': False, 'cmake_target': None, 'cmake_target_skip_unavailable': False, 'install_base': '/home/ons/trial_ws/SMU_car3/install/articubot_one', 'merge_install': False, 'path': '/home/ons/trial_ws/SMU_car3/src/articubot_one', 'symlink_install': True, 'test_result_base': None}
[1.369s] Level 5:colcon.colcon_core.verb:set package 'diffdrive_arduino' build argument 'cmake_args' from command line to 'None'
[1.369s] Level 5:colcon.colcon_core.verb:set package 'diffdrive_arduino' build argument 'cmake_target' from command line to 'None'
[1.369s] Level 5:colcon.colcon_core.verb:set package 'diffdrive_arduino' build argument 'cmake_target_skip_unavailable' from command line to 'False'
[1.369s] Level 5:colcon.colcon_core.verb:set package 'diffdrive_arduino' build argument 'cmake_clean_cache' from command line to 'False'
[1.369s] Level 5:colcon.colcon_core.verb:set package 'diffdrive_arduino' build argument 'cmake_clean_first' from command line to 'False'
[1.369s] Level 5:colcon.colcon_core.verb:set package 'diffdrive_arduino' build argument 'cmake_force_configure' from command line to 'False'
[1.369s] Level 5:colcon.colcon_core.verb:set package 'diffdrive_arduino' build argument 'ament_cmake_args' from command line to 'None'
[1.369s] Level 5:colcon.colcon_core.verb:set package 'diffdrive_arduino' build argument 'catkin_cmake_args' from command line to 'None'
[1.369s] Level 5:colcon.colcon_core.verb:set package 'diffdrive_arduino' build argument 'catkin_skip_building_tests' from command line to 'False'
[1.369s] DEBUG:colcon.colcon_core.verb:Building package 'diffdrive_arduino' with the following arguments: {'ament_cmake_args': None, 'build_base': '/home/ons/trial_ws/SMU_car3/build/diffdrive_arduino', 'catkin_cmake_args': None, 'catkin_skip_building_tests': False, 'cmake_args': None, 'cmake_clean_cache': False, 'cmake_clean_first': False, 'cmake_force_configure': False, 'cmake_target': None, 'cmake_target_skip_unavailable': False, 'install_base': '/home/ons/trial_ws/SMU_car3/install/diffdrive_arduino', 'merge_install': False, 'path': '/home/ons/trial_ws/SMU_car3/src/diffdrive_arduino', 'symlink_install': True, 'test_result_base': None}
[1.384s] Level 5:colcon.colcon_core.verb:set package 'serial_motor_demo_msgs' build argument 'cmake_args' from command line to 'None'
[1.384s] Level 5:colcon.colcon_core.verb:set package 'serial_motor_demo_msgs' build argument 'cmake_target' from command line to 'None'
[1.384s] Level 5:colcon.colcon_core.verb:set package 'serial_motor_demo_msgs' build argument 'cmake_target_skip_unavailable' from command line to 'False'
[1.384s] Level 5:colcon.colcon_core.verb:set package 'serial_motor_demo_msgs' build argument 'cmake_clean_cache' from command line to 'False'
[1.384s] Level 5:colcon.colcon_core.verb:set package 'serial_motor_demo_msgs' build argument 'cmake_clean_first' from command line to 'False'
[1.384s] Level 5:colcon.colcon_core.verb:set package 'serial_motor_demo_msgs' build argument 'cmake_force_configure' from command line to 'False'
[1.384s] Level 5:colcon.colcon_core.verb:set package 'serial_motor_demo_msgs' build argument 'ament_cmake_args' from command line to 'None'
[1.384s] Level 5:colcon.colcon_core.verb:set package 'serial_motor_demo_msgs' build argument 'catkin_cmake_args' from command line to 'None'
[1.384s] Level 5:colcon.colcon_core.verb:set package 'serial_motor_demo_msgs' build argument 'catkin_skip_building_tests' from command line to 'False'
[1.384s] DEBUG:colcon.colcon_core.verb:Building package 'serial_motor_demo_msgs' with the following arguments: {'ament_cmake_args': None, 'build_base': '/home/ons/trial_ws/SMU_car3/build/serial_motor_demo_msgs', 'catkin_cmake_args': None, 'catkin_skip_building_tests': False, 'cmake_args': None, 'cmake_clean_cache': False, 'cmake_clean_first': False, 'cmake_force_configure': False, 'cmake_target': None, 'cmake_target_skip_unavailable': False, 'install_base': '/home/ons/trial_ws/SMU_car3/install/serial_motor_demo_msgs', 'merge_install': False, 'path': '/home/ons/trial_ws/SMU_car3/src/serial_motor_demo/serial_motor_demo_msgs', 'symlink_install': True, 'test_result_base': None}
[1.397s] Level 5:colcon.colcon_core.verb:set package 'test_node' build argument 'cmake_args' from command line to 'None'
[1.398s] Level 5:colcon.colcon_core.verb:set package 'test_node' build argument 'cmake_target' from command line to 'None'
[1.398s] Level 5:colcon.colcon_core.verb:set package 'test_node' build argument 'cmake_target_skip_unavailable' from command line to 'False'
[1.398s] Level 5:colcon.colcon_core.verb:set package 'test_node' build argument 'cmake_clean_cache' from command line to 'False'
[1.398s] Level 5:colcon.colcon_core.verb:set package 'test_node' build argument 'cmake_clean_first' from command line to 'False'
[1.398s] Level 5:colcon.colcon_core.verb:set package 'test_node' build argument 'cmake_force_configure' from command line to 'False'
[1.398s] Level 5:colcon.colcon_core.verb:set package 'test_node' build argument 'ament_cmake_args' from command line to 'None'
[1.398s] Level 5:colcon.colcon_core.verb:set package 'test_node' build argument 'catkin_cmake_args' from command line to 'None'
[1.398s] Level 5:colcon.colcon_core.verb:set package 'test_node' build argument 'catkin_skip_building_tests' from command line to 'False'
[1.398s] DEBUG:colcon.colcon_core.verb:Building package 'test_node' with the following arguments: {'ament_cmake_args': None, 'build_base': '/home/ons/trial_ws/SMU_car3/build/test_node', 'catkin_cmake_args': None, 'catkin_skip_building_tests': False, 'cmake_args': None, 'cmake_clean_cache': False, 'cmake_clean_first': False, 'cmake_force_configure': False, 'cmake_target': None, 'cmake_target_skip_unavailable': False, 'install_base': '/home/ons/trial_ws/SMU_car3/install/test_node', 'merge_install': False, 'path': '/home/ons/trial_ws/SMU_car3/src/test_node', 'symlink_install': True, 'test_result_base': None}
[1.412s] Level 5:colcon.colcon_core.verb:set package 'ydlidar' build argument 'cmake_args' from command line to 'None'
[1.412s] Level 5:colcon.colcon_core.verb:set package 'ydlidar' build argument 'cmake_target' from command line to 'None'
[1.412s] Level 5:colcon.colcon_core.verb:set package 'ydlidar' build argument 'cmake_target_skip_unavailable' from command line to 'False'
[1.412s] Level 5:colcon.colcon_core.verb:set package 'ydlidar' build argument 'cmake_clean_cache' from command line to 'False'
[1.412s] Level 5:colcon.colcon_core.verb:set package 'ydlidar' build argument 'cmake_clean_first' from command line to 'False'
[1.412s] Level 5:colcon.colcon_core.verb:set package 'ydlidar' build argument 'cmake_force_configure' from command line to 'False'
[1.412s] Level 5:colcon.colcon_core.verb:set package 'ydlidar' build argument 'ament_cmake_args' from command line to 'None'
[1.412s] Level 5:colcon.colcon_core.verb:set package 'ydlidar' build argument 'catkin_cmake_args' from command line to 'None'
[1.412s] Level 5:colcon.colcon_core.verb:set package 'ydlidar' build argument 'catkin_skip_building_tests' from command line to 'False'
[1.412s] DEBUG:colcon.colcon_core.verb:Building package 'ydlidar' with the following arguments: {'ament_cmake_args': None, 'build_base': '/home/ons/trial_ws/SMU_car3/build/ydlidar', 'catkin_cmake_args': None, 'catkin_skip_building_tests': False, 'cmake_args': None, 'cmake_clean_cache': False, 'cmake_clean_first': False, 'cmake_force_configure': False, 'cmake_target': None, 'cmake_target_skip_unavailable': False, 'install_base': '/home/ons/trial_ws/SMU_car3/install/ydlidar', 'merge_install': False, 'path': '/home/ons/trial_ws/SMU_car3/src/ydlidar_ros2', 'symlink_install': True, 'test_result_base': None}
[1.425s] Level 5:colcon.colcon_core.verb:set package 'serial_motor_demo' build argument 'cmake_args' from command line to 'None'
[1.425s] Level 5:colcon.colcon_core.verb:set package 'serial_motor_demo' build argument 'cmake_target' from command line to 'None'
[1.425s] Level 5:colcon.colcon_core.verb:set package 'serial_motor_demo' build argument 'cmake_target_skip_unavailable' from command line to 'False'
[1.425s] Level 5:colcon.colcon_core.verb:set package 'serial_motor_demo' build argument 'cmake_clean_cache' from command line to 'False'
[1.425s] Level 5:colcon.colcon_core.verb:set package 'serial_motor_demo' build argument 'cmake_clean_first' from command line to 'False'
[1.426s] Level 5:colcon.colcon_core.verb:set package 'serial_motor_demo' build argument 'cmake_force_configure' from command line to 'False'
[1.426s] Level 5:colcon.colcon_core.verb:set package 'serial_motor_demo' build argument 'ament_cmake_args' from command line to 'None'
[1.426s] Level 5:colcon.colcon_core.verb:set package 'serial_motor_demo' build argument 'catkin_cmake_args' from command line to 'None'
[1.426s] Level 5:colcon.colcon_core.verb:set package 'serial_motor_demo' build argument 'catkin_skip_building_tests' from command line to 'False'
[1.426s] DEBUG:colcon.colcon_core.verb:Building package 'serial_motor_demo' with the following arguments: {'ament_cmake_args': None, 'build_base': '/home/ons/trial_ws/SMU_car3/build/serial_motor_demo', 'catkin_cmake_args': None, 'catkin_skip_building_tests': False, 'cmake_args': None, 'cmake_clean_cache': False, 'cmake_clean_first': False, 'cmake_force_configure': False, 'cmake_target': None, 'cmake_target_skip_unavailable': False, 'install_base': '/home/ons/trial_ws/SMU_car3/install/serial_motor_demo', 'merge_install': False, 'path': '/home/ons/trial_ws/SMU_car3/src/serial_motor_demo/serial_motor_demo', 'symlink_install': True, 'test_result_base': None}
[1.439s] INFO:colcon.colcon_core.executor:Executing jobs using 'parallel' executor
[1.453s] DEBUG:colcon.colcon_parallel_executor.executor.parallel:run_until_complete
[1.454s] INFO:colcon.colcon_ros.task.ament_cmake.build:Building ROS package in '/home/ons/trial_ws/SMU_car3/src/serial_motor_demo/serial_motor_demo_msgs' with build type 'ament_cmake'
[1.454s] INFO:colcon.colcon_cmake.task.cmake.build:Building CMake package in '/home/ons/trial_ws/SMU_car3/src/serial_motor_demo/serial_motor_demo_msgs'
[1.474s] INFO:colcon.colcon_core.plugin_system:Skipping extension 'colcon_core.shell.bat': Not used on non-Windows systems
[1.475s] INFO:colcon.colcon_core.shell:Skip shell extension 'powershell' for command environment: Not usable outside of PowerShell
[1.475s] DEBUG:colcon.colcon_core.shell:Skip shell extension 'dsv' for command environment
[1.517s] INFO:colcon.colcon_ros.task.ament_cmake.build:Building ROS package in '/home/ons/trial_ws/SMU_car3/src/articubot_one' with build type 'ament_cmake'
[1.517s] INFO:colcon.colcon_cmake.task.cmake.build:Building CMake package in '/home/ons/trial_ws/SMU_car3/src/articubot_one'
[1.536s] INFO:colcon.colcon_core.shell:Skip shell extension 'powershell' for command environment: Not usable outside of PowerShell
[1.536s] DEBUG:colcon.colcon_core.shell:Skip shell extension 'dsv' for command environment
[1.578s] INFO:colcon.colcon_ros.task.ament_cmake.build:Building ROS package in '/home/ons/trial_ws/SMU_car3/src/diffdrive_arduino' with build type 'ament_cmake'
[1.578s] INFO:colcon.colcon_cmake.task.cmake.build:Building CMake package in '/home/ons/trial_ws/SMU_car3/src/diffdrive_arduino'
[1.601s] INFO:colcon.colcon_core.shell:Skip shell extension 'powershell' for command environment: Not usable outside of PowerShell
[1.601s] DEBUG:colcon.colcon_core.shell:Skip shell extension 'dsv' for command environment
[1.639s] INFO:colcon.colcon_ros.task.ament_python.build:Building ROS package in '/home/ons/trial_ws/SMU_car3/src/test_node' with build type 'ament_python'
[1.639s] Level 1:colcon.colcon_core.shell:create_environment_hook('test_node', 'ament_prefix_path')
[1.658s] INFO:colcon.colcon_core.shell:Creating environment hook '/home/ons/trial_ws/SMU_car3/install/test_node/share/test_node/hook/ament_prefix_path.ps1'
[1.660s] INFO:colcon.colcon_core.shell:Creating environment descriptor '/home/ons/trial_ws/SMU_car3/install/test_node/share/test_node/hook/ament_prefix_path.dsv'
[1.661s] INFO:colcon.colcon_core.shell:Creating environment hook '/home/ons/trial_ws/SMU_car3/install/test_node/share/test_node/hook/ament_prefix_path.sh'
[1.680s] INFO:colcon.colcon_core.shell:Skip shell extension 'powershell' for command environment: Not usable outside of PowerShell
[1.680s] DEBUG:colcon.colcon_core.shell:Skip shell extension 'dsv' for command environment
[1.718s] DEBUG:colcon.colcon_core.event_handler.log_command:Invoking command in '/home/ons/trial_ws/SMU_car3/build/serial_motor_demo_msgs': CMAKE_PREFIX_PATH=/opt/ros/humble /usr/bin/cmake /home/ons/trial_ws/SMU_car3/src/serial_motor_demo/serial_motor_demo_msgs -DAMENT_CMAKE_SYMLINK_INSTALL=1 -DCMAKE_INSTALL_PREFIX=/home/ons/trial_ws/SMU_car3/install/serial_motor_demo_msgs
[1.722s] DEBUG:colcon.colcon_core.event_handler.log_command:Invoking command in '/home/ons/trial_ws/SMU_car3/build/articubot_one': CMAKE_PREFIX_PATH=/opt/ros/humble /usr/bin/cmake /home/ons/trial_ws/SMU_car3/src/articubot_one -DAMENT_CMAKE_SYMLINK_INSTALL=1 -DCMAKE_INSTALL_PREFIX=/home/ons/trial_ws/SMU_car3/install/articubot_one
[1.727s] DEBUG:colcon.colcon_core.event_handler.log_command:Invoking command in '/home/ons/trial_ws/SMU_car3/build/diffdrive_arduino': CMAKE_PREFIX_PATH=/opt/ros/humble /usr/bin/cmake /home/ons/trial_ws/SMU_car3/src/diffdrive_arduino -DAMENT_CMAKE_SYMLINK_INSTALL=1 -DCMAKE_INSTALL_PREFIX=/home/ons/trial_ws/SMU_car3/install/diffdrive_arduino
[2.493s] INFO:colcon.colcon_core.task.python.build:Building Python package in '/home/ons/trial_ws/SMU_car3/src/test_node'
[2.531s] INFO:colcon.colcon_core.shell:Skip shell extension 'powershell' for command environment: Not usable outside of PowerShell
[2.531s] DEBUG:colcon.colcon_core.shell:Skip shell extension 'dsv' for command environment
[3.159s] DEBUG:colcon.colcon_core.event_handler.log_command:Invoked command in '/home/ons/trial_ws/SMU_car3/build/articubot_one' returned '0': CMAKE_PREFIX_PATH=/opt/ros/humble /usr/bin/cmake /home/ons/trial_ws/SMU_car3/src/articubot_one -DAMENT_CMAKE_SYMLINK_INSTALL=1 -DCMAKE_INSTALL_PREFIX=/home/ons/trial_ws/SMU_car3/install/articubot_one
[3.160s] DEBUG:colcon.colcon_core.event_handler.log_command:Invoking command in '/home/ons/trial_ws/SMU_car3/build/articubot_one': CMAKE_PREFIX_PATH=/opt/ros/humble /usr/bin/cmake --build /home/ons/trial_ws/SMU_car3/build/articubot_one -- -j4 -l4
[3.209s] DEBUG:colcon.colcon_core.event_handler.log_command:Invoked command in '/home/ons/trial_ws/SMU_car3/build/articubot_one' returned '0': CMAKE_PREFIX_PATH=/opt/ros/humble /usr/bin/cmake --build /home/ons/trial_ws/SMU_car3/build/articubot_one -- -j4 -l4
[3.248s] DEBUG:colcon.colcon_core.event_handler.log_command:Invoking command in '/home/ons/trial_ws/SMU_car3/build/articubot_one': CMAKE_PREFIX_PATH=/opt/ros/humble /usr/bin/cmake --install /home/ons/trial_ws/SMU_car3/build/articubot_one
[3.409s] DEBUG:colcon.colcon_core.event_handler.log_command:Invoking command in '/home/ons/trial_ws/SMU_car3/build/test_node': PYTHONPATH=/home/ons/trial_ws/SMU_car3/build/test_node/prefix_override:/home/ons/trial_ws/SMU_car3/install/test_node/lib/python3.10/site-packages:${PYTHONPATH} /usr/bin/python3 setup.py develop --editable --build-directory /home/ons/trial_ws/SMU_car3/build/test_node/build --no-deps install_data
[3.974s] Level 1:colcon.colcon_core.environment:create_environment_scripts_only(articubot_one)
[3.979s] DEBUG:colcon.colcon_core.event_handler.log_command:Invoked command in '/home/ons/trial_ws/SMU_car3/build/articubot_one' returned '0': CMAKE_PREFIX_PATH=/opt/ros/humble /usr/bin/cmake --install /home/ons/trial_ws/SMU_car3/build/articubot_one
[4.012s] Level 1:colcon.colcon_core.environment:checking '/home/ons/trial_ws/SMU_car3/install/articubot_one' for CMake module files
[4.013s] Level 1:colcon.colcon_core.environment:checking '/home/ons/trial_ws/SMU_car3/install/articubot_one' for CMake config files
[4.013s] Level 1:colcon.colcon_core.shell:create_environment_hook('articubot_one', 'cmake_prefix_path')
[4.036s] INFO:colcon.colcon_core.shell:Creating environment hook '/home/ons/trial_ws/SMU_car3/install/articubot_one/share/articubot_one/hook/cmake_prefix_path.ps1'
[4.037s] INFO:colcon.colcon_core.shell:Creating environment descriptor '/home/ons/trial_ws/SMU_car3/install/articubot_one/share/articubot_one/hook/cmake_prefix_path.dsv'
[4.037s] INFO:colcon.colcon_core.shell:Creating environment hook '/home/ons/trial_ws/SMU_car3/install/articubot_one/share/articubot_one/hook/cmake_prefix_path.sh'
[4.038s] Level 1:colcon.colcon_core.environment:checking '/home/ons/trial_ws/SMU_car3/install/articubot_one/bin'
[4.039s] Level 1:colcon.colcon_core.environment:checking '/home/ons/trial_ws/SMU_car3/install/articubot_one/lib/pkgconfig/articubot_one.pc'
[4.039s] Level 1:colcon.colcon_core.environment:checking '/home/ons/trial_ws/SMU_car3/install/articubot_one/lib/python3.10/site-packages'
[4.040s] Level 1:colcon.colcon_core.environment:checking '/home/ons/trial_ws/SMU_car3/install/articubot_one/bin'
[4.062s] INFO:colcon.colcon_core.shell:Creating package script '/home/ons/trial_ws/SMU_car3/install/articubot_one/share/articubot_one/package.ps1'
[4.063s] INFO:colcon.colcon_core.shell:Creating package descriptor '/home/ons/trial_ws/SMU_car3/install/articubot_one/share/articubot_one/package.dsv'
[4.064s] INFO:colcon.colcon_core.shell:Creating package script '/home/ons/trial_ws/SMU_car3/install/articubot_one/share/articubot_one/package.sh'
[4.065s] INFO:colcon.colcon_core.shell:Creating package script '/home/ons/trial_ws/SMU_car3/install/articubot_one/share/articubot_one/package.bash'
[4.066s] INFO:colcon.colcon_core.shell:Creating package script '/home/ons/trial_ws/SMU_car3/install/articubot_one/share/articubot_one/package.zsh'
[4.067s] Level 1:colcon.colcon_core.environment:create_file_with_runtime_dependencies(/home/ons/trial_ws/SMU_car3/install/articubot_one/share/colcon-core/packages/articubot_one)
[4.169s] Level 1:colcon.colcon_core.environment:create_environment_scripts_only(articubot_one)
[4.202s] Level 1:colcon.colcon_core.environment:checking '/home/ons/trial_ws/SMU_car3/install/articubot_one' for CMake module files
[4.203s] Level 1:colcon.colcon_core.environment:checking '/home/ons/trial_ws/SMU_car3/install/articubot_one' for CMake config files
[4.204s] Level 1:colcon.colcon_core.shell:create_environment_hook('articubot_one', 'cmake_prefix_path')
[4.231s] INFO:colcon.colcon_core.shell:Creating environment hook '/home/ons/trial_ws/SMU_car3/install/articubot_one/share/articubot_one/hook/cmake_prefix_path.ps1'
[4.232s] INFO:colcon.colcon_core.shell:Creating environment descriptor '/home/ons/trial_ws/SMU_car3/install/articubot_one/share/articubot_one/hook/cmake_prefix_path.dsv'
[4.232s] INFO:colcon.colcon_core.shell:Creating environment hook '/home/ons/trial_ws/SMU_car3/install/articubot_one/share/articubot_one/hook/cmake_prefix_path.sh'
[4.233s] Level 1:colcon.colcon_core.environment:checking '/home/ons/trial_ws/SMU_car3/install/articubot_one/bin'
[4.233s] Level 1:colcon.colcon_core.environment:checking '/home/ons/trial_ws/SMU_car3/install/articubot_one/lib/pkgconfig/articubot_one.pc'
[4.233s] Level 1:colcon.colcon_core.environment:checking '/home/ons/trial_ws/SMU_car3/install/articubot_one/lib/python3.10/site-packages'
[4.234s] Level 1:colcon.colcon_core.environment:checking '/home/ons/trial_ws/SMU_car3/install/articubot_one/bin'
[4.249s] INFO:colcon.colcon_core.shell:Creating package script '/home/ons/trial_ws/SMU_car3/install/articubot_one/share/articubot_one/package.ps1'
[4.249s] INFO:colcon.colcon_core.shell:Creating package descriptor '/home/ons/trial_ws/SMU_car3/install/articubot_one/share/articubot_one/package.dsv'
[4.250s] INFO:colcon.colcon_core.shell:Creating package script '/home/ons/trial_ws/SMU_car3/install/articubot_one/share/articubot_one/package.sh'
[4.251s] INFO:colcon.colcon_core.shell:Creating package script '/home/ons/trial_ws/SMU_car3/install/articubot_one/share/articubot_one/package.bash'
[4.251s] INFO:colcon.colcon_core.shell:Creating package script '/home/ons/trial_ws/SMU_car3/install/articubot_one/share/articubot_one/package.zsh'
[4.251s] Level 1:colcon.colcon_core.environment:create_file_with_runtime_dependencies(/home/ons/trial_ws/SMU_car3/install/articubot_one/share/colcon-core/packages/articubot_one)
[4.252s] INFO:colcon.colcon_ros.task.ament_cmake.build:Building ROS package in '/home/ons/trial_ws/SMU_car3/src/ydlidar_ros2' with build type 'ament_cmake'
[4.252s] INFO:colcon.colcon_cmake.task.cmake.build:Building CMake package in '/home/ons/trial_ws/SMU_car3/src/ydlidar_ros2'
[4.271s] INFO:colcon.colcon_core.shell:Skip shell extension 'powershell' for command environment: Not usable outside of PowerShell
[4.271s] DEBUG:colcon.colcon_core.shell:Skip shell extension 'dsv' for command environment
[4.329s] Level 1:colcon.colcon_core.shell:create_environment_hook('test_node', 'pythonpath_develop')
[4.331s] DEBUG:colcon.colcon_core.event_handler.log_command:Invoked command in '/home/ons/trial_ws/SMU_car3/build/test_node' returned '0': PYTHONPATH=/home/ons/trial_ws/SMU_car3/build/test_node/prefix_override:/home/ons/trial_ws/SMU_car3/install/test_node/lib/python3.10/site-packages:${PYTHONPATH} /usr/bin/python3 setup.py develop --editable --build-directory /home/ons/trial_ws/SMU_car3/build/test_node/build --no-deps install_data
[4.346s] INFO:colcon.colcon_core.shell:Creating environment hook '/home/ons/trial_ws/SMU_car3/build/test_node/share/test_node/hook/pythonpath_develop.ps1'
[4.347s] INFO:colcon.colcon_core.shell:Creating environment descriptor '/home/ons/trial_ws/SMU_car3/build/test_node/share/test_node/hook/pythonpath_develop.dsv'
[4.347s] INFO:colcon.colcon_core.shell:Creating environment hook '/home/ons/trial_ws/SMU_car3/build/test_node/share/test_node/hook/pythonpath_develop.sh'
[4.362s] Level 1:colcon.colcon_core.environment:checking '/home/ons/trial_ws/SMU_car3/install/test_node' for CMake module files
[4.363s] Level 1:colcon.colcon_core.environment:checking '/home/ons/trial_ws/SMU_car3/install/test_node' for CMake config files
[4.363s] Level 1:colcon.colcon_core.environment:checking '/home/ons/trial_ws/SMU_car3/install/test_node/lib'
[4.364s] Level 1:colcon.colcon_core.environment:checking '/home/ons/trial_ws/SMU_car3/install/test_node/bin'
[4.364s] Level 1:colcon.colcon_core.environment:checking '/home/ons/trial_ws/SMU_car3/install/test_node/lib/pkgconfig/test_node.pc'
[4.364s] Level 1:colcon.colcon_core.environment:checking '/home/ons/trial_ws/SMU_car3/install/test_node/lib/python3.10/site-packages'
[4.364s] Level 1:colcon.colcon_core.shell:create_environment_hook('test_node', 'pythonpath')
[4.379s] INFO:colcon.colcon_core.shell:Creating environment hook '/home/ons/trial_ws/SMU_car3/install/test_node/share/test_node/hook/pythonpath.ps1'
[4.380s] INFO:colcon.colcon_core.shell:Creating environment descriptor '/home/ons/trial_ws/SMU_car3/install/test_node/share/test_node/hook/pythonpath.dsv'
[4.380s] INFO:colcon.colcon_core.shell:Creating environment hook '/home/ons/trial_ws/SMU_car3/install/test_node/share/test_node/hook/pythonpath.sh'
[4.381s] Level 1:colcon.colcon_core.environment:checking '/home/ons/trial_ws/SMU_car3/install/test_node/bin'
[4.381s] Level 1:colcon.colcon_core.environment:create_environment_scripts_only(test_node)
[4.397s] INFO:colcon.colcon_core.shell:Creating package script '/home/ons/trial_ws/SMU_car3/install/test_node/share/test_node/package.ps1'
[4.398s] INFO:colcon.colcon_core.shell:Creating package descriptor '/home/ons/trial_ws/SMU_car3/install/test_node/share/test_node/package.dsv'
[4.399s] INFO:colcon.colcon_core.shell:Creating package script '/home/ons/trial_ws/SMU_car3/install/test_node/share/test_node/package.sh'
[4.400s] INFO:colcon.colcon_core.shell:Creating package script '/home/ons/trial_ws/SMU_car3/install/test_node/share/test_node/package.bash'
[4.401s] INFO:colcon.colcon_core.shell:Creating package script '/home/ons/trial_ws/SMU_car3/install/test_node/share/test_node/package.zsh'
[4.402s] Level 1:colcon.colcon_core.environment:create_file_with_runtime_dependencies(/home/ons/trial_ws/SMU_car3/install/test_node/share/colcon-core/packages/test_node)
[4.406s] DEBUG:colcon.colcon_core.event_handler.log_command:Invoking command in '/home/ons/trial_ws/SMU_car3/build/ydlidar': CMAKE_PREFIX_PATH=/opt/ros/humble /usr/bin/cmake /home/ons/trial_ws/SMU_car3/src/ydlidar_ros2 -DAMENT_CMAKE_SYMLINK_INSTALL=1 -DCMAKE_INSTALL_PREFIX=/home/ons/trial_ws/SMU_car3/install/ydlidar
[4.509s] DEBUG:colcon.colcon_core.event_handler.log_command:Invoked command in '/home/ons/trial_ws/SMU_car3/build/serial_motor_demo_msgs' returned '0': CMAKE_PREFIX_PATH=/opt/ros/humble /usr/bin/cmake /home/ons/trial_ws/SMU_car3/src/serial_motor_demo/serial_motor_demo_msgs -DAMENT_CMAKE_SYMLINK_INSTALL=1 -DCMAKE_INSTALL_PREFIX=/home/ons/trial_ws/SMU_car3/install/serial_motor_demo_msgs
[4.509s] DEBUG:colcon.colcon_core.event_handler.log_command:Invoking command in '/home/ons/trial_ws/SMU_car3/build/serial_motor_demo_msgs': CMAKE_PREFIX_PATH=/opt/ros/humble /usr/bin/cmake --build /home/ons/trial_ws/SMU_car3/build/serial_motor_demo_msgs -- -j4 -l4
[5.925s] DEBUG:colcon.colcon_core.event_handler.log_command:Invoked command in '/home/ons/trial_ws/SMU_car3/build/diffdrive_arduino' returned '0': CMAKE_PREFIX_PATH=/opt/ros/humble /usr/bin/cmake /home/ons/trial_ws/SMU_car3/src/diffdrive_arduino -DAMENT_CMAKE_SYMLINK_INSTALL=1 -DCMAKE_INSTALL_PREFIX=/home/ons/trial_ws/SMU_car3/install/diffdrive_arduino
[5.925s] DEBUG:colcon.colcon_core.event_handler.log_command:Invoking command in '/home/ons/trial_ws/SMU_car3/build/diffdrive_arduino': CMAKE_PREFIX_PATH=/opt/ros/humble /usr/bin/cmake --build /home/ons/trial_ws/SMU_car3/build/diffdrive_arduino -- -j4 -l4
[8.958s] DEBUG:colcon.colcon_core.event_handler.log_command:Invoked command in '/home/ons/trial_ws/SMU_car3/build/ydlidar' returned '0': CMAKE_PREFIX_PATH=/opt/ros/humble /usr/bin/cmake /home/ons/trial_ws/SMU_car3/src/ydlidar_ros2 -DAMENT_CMAKE_SYMLINK_INSTALL=1 -DCMAKE_INSTALL_PREFIX=/home/ons/trial_ws/SMU_car3/install/ydlidar
[8.959s] DEBUG:colcon.colcon_core.event_handler.log_command:Invoking command in '/home/ons/trial_ws/SMU_car3/build/ydlidar': CMAKE_PREFIX_PATH=/opt/ros/humble /usr/bin/cmake --build /home/ons/trial_ws/SMU_car3/build/ydlidar -- -j4 -l4
[16.389s] DEBUG:colcon.colcon_core.event_handler.log_command:Invoked command in '/home/ons/trial_ws/SMU_car3/build/serial_motor_demo_msgs' returned '0': CMAKE_PREFIX_PATH=/opt/ros/humble /usr/bin/cmake --build /home/ons/trial_ws/SMU_car3/build/serial_motor_demo_msgs -- -j4 -l4
[16.658s] DEBUG:colcon.colcon_core.event_handler.log_command:Invoking command in '/home/ons/trial_ws/SMU_car3/build/serial_motor_demo_msgs': CMAKE_PREFIX_PATH=/opt/ros/humble /usr/bin/cmake --install /home/ons/trial_ws/SMU_car3/build/serial_motor_demo_msgs
[18.798s] DEBUG:colcon.colcon_core.event_handler.log_command:Invoked command in '/home/ons/trial_ws/SMU_car3/build/diffdrive_arduino' returned '0': CMAKE_PREFIX_PATH=/opt/ros/humble /usr/bin/cmake --build /home/ons/trial_ws/SMU_car3/build/diffdrive_arduino -- -j4 -l4
[18.859s] DEBUG:colcon.colcon_core.event_handler.log_command:Invoking command in '/home/ons/trial_ws/SMU_car3/build/diffdrive_arduino': CMAKE_PREFIX_PATH=/opt/ros/humble /usr/bin/cmake --install /home/ons/trial_ws/SMU_car3/build/diffdrive_arduino
[19.398s] Level 1:colcon.colcon_core.environment:create_environment_scripts_only(serial_motor_demo_msgs)
[19.405s] DEBUG:colcon.colcon_core.event_handler.log_command:Invoked command in '/home/ons/trial_ws/SMU_car3/build/serial_motor_demo_msgs' returned '0': CMAKE_PREFIX_PATH=/opt/ros/humble /usr/bin/cmake --install /home/ons/trial_ws/SMU_car3/build/serial_motor_demo_msgs
[19.742s] Level 1:colcon.colcon_core.environment:checking '/home/ons/trial_ws/SMU_car3/install/serial_motor_demo_msgs' for CMake module files
[19.747s] Level 1:colcon.colcon_core.environment:checking '/home/ons/trial_ws/SMU_car3/install/serial_motor_demo_msgs' for CMake config files
[19.760s] Level 1:colcon.colcon_core.shell:create_environment_hook('serial_motor_demo_msgs', 'cmake_prefix_path')
[19.825s] INFO:colcon.colcon_core.shell:Creating environment hook '/home/ons/trial_ws/SMU_car3/install/serial_motor_demo_msgs/share/serial_motor_demo_msgs/hook/cmake_prefix_path.ps1'
[19.833s] INFO:colcon.colcon_core.shell:Creating environment descriptor '/home/ons/trial_ws/SMU_car3/install/serial_motor_demo_msgs/share/serial_motor_demo_msgs/hook/cmake_prefix_path.dsv'
[19.836s] INFO:colcon.colcon_core.shell:Creating environment hook '/home/ons/trial_ws/SMU_car3/install/serial_motor_demo_msgs/share/serial_motor_demo_msgs/hook/cmake_prefix_path.sh'
[19.843s] Level 1:colcon.colcon_core.environment:checking '/home/ons/trial_ws/SMU_car3/install/serial_motor_demo_msgs/lib'
[19.843s] Level 1:colcon.colcon_core.shell:create_environment_hook('serial_motor_demo_msgs', 'ld_library_path_lib')
[19.886s] INFO:colcon.colcon_core.shell:Creating environment hook '/home/ons/trial_ws/SMU_car3/install/serial_motor_demo_msgs/share/serial_motor_demo_msgs/hook/ld_library_path_lib.ps1'
[19.887s] INFO:colcon.colcon_core.shell:Creating environment descriptor '/home/ons/trial_ws/SMU_car3/install/serial_motor_demo_msgs/share/serial_motor_demo_msgs/hook/ld_library_path_lib.dsv'
[19.888s] INFO:colcon.colcon_core.shell:Creating environment hook '/home/ons/trial_ws/SMU_car3/install/serial_motor_demo_msgs/share/serial_motor_demo_msgs/hook/ld_library_path_lib.sh'
[19.889s] Level 1:colcon.colcon_core.environment:checking '/home/ons/trial_ws/SMU_car3/install/serial_motor_demo_msgs/bin'
[19.889s] Level 1:colcon.colcon_core.environment:checking '/home/ons/trial_ws/SMU_car3/install/serial_motor_demo_msgs/lib/pkgconfig/serial_motor_demo_msgs.pc'
[19.895s] Level 1:colcon.colcon_core.environment:checking '/home/ons/trial_ws/SMU_car3/install/serial_motor_demo_msgs/lib/python3.10/site-packages'
[19.896s] Level 1:colcon.colcon_core.environment:checking '/home/ons/trial_ws/SMU_car3/install/serial_motor_demo_msgs/bin'
[19.933s] INFO:colcon.colcon_core.shell:Creating package script '/home/ons/trial_ws/SMU_car3/install/serial_motor_demo_msgs/share/serial_motor_demo_msgs/package.ps1'
[19.936s] INFO:colcon.colcon_core.shell:Creating package descriptor '/home/ons/trial_ws/SMU_car3/install/serial_motor_demo_msgs/share/serial_motor_demo_msgs/package.dsv'
[19.938s] INFO:colcon.colcon_core.shell:Creating package script '/home/ons/trial_ws/SMU_car3/install/serial_motor_demo_msgs/share/serial_motor_demo_msgs/package.sh'
[19.939s] INFO:colcon.colcon_core.shell:Creating package script '/home/ons/trial_ws/SMU_car3/install/serial_motor_demo_msgs/share/serial_motor_demo_msgs/package.bash'
[19.940s] INFO:colcon.colcon_core.shell:Creating package script '/home/ons/trial_ws/SMU_car3/install/serial_motor_demo_msgs/share/serial_motor_demo_msgs/package.zsh'
[19.941s] Level 1:colcon.colcon_core.environment:create_file_with_runtime_dependencies(/home/ons/trial_ws/SMU_car3/install/serial_motor_demo_msgs/share/colcon-core/packages/serial_motor_demo_msgs)
[19.946s] Level 1:colcon.colcon_core.environment:create_environment_scripts_only(diffdrive_arduino)
[19.949s] DEBUG:colcon.colcon_core.event_handler.log_command:Invoked command in '/home/ons/trial_ws/SMU_car3/build/diffdrive_arduino' returned '0': CMAKE_PREFIX_PATH=/opt/ros/humble /usr/bin/cmake --install /home/ons/trial_ws/SMU_car3/build/diffdrive_arduino
[19.990s] Level 1:colcon.colcon_core.environment:checking '/home/ons/trial_ws/SMU_car3/install/diffdrive_arduino' for CMake module files
[19.991s] Level 1:colcon.colcon_core.environment:checking '/home/ons/trial_ws/SMU_car3/install/diffdrive_arduino' for CMake config files
[19.993s] Level 1:colcon.colcon_core.shell:create_environment_hook('diffdrive_arduino', 'cmake_prefix_path')
[20.042s] INFO:colcon.colcon_core.shell:Creating environment hook '/home/ons/trial_ws/SMU_car3/install/diffdrive_arduino/share/diffdrive_arduino/hook/cmake_prefix_path.ps1'
[20.044s] INFO:colcon.colcon_core.shell:Creating environment descriptor '/home/ons/trial_ws/SMU_car3/install/diffdrive_arduino/share/diffdrive_arduino/hook/cmake_prefix_path.dsv'
[20.045s] INFO:colcon.colcon_core.shell:Creating environment hook '/home/ons/trial_ws/SMU_car3/install/diffdrive_arduino/share/diffdrive_arduino/hook/cmake_prefix_path.sh'
[20.046s] Level 1:colcon.colcon_core.environment:checking '/home/ons/trial_ws/SMU_car3/install/diffdrive_arduino/lib'
[20.047s] Level 1:colcon.colcon_core.shell:create_environment_hook('diffdrive_arduino', 'ld_library_path_lib')
[20.101s] INFO:colcon.colcon_core.shell:Creating environment hook '/home/ons/trial_ws/SMU_car3/install/diffdrive_arduino/share/diffdrive_arduino/hook/ld_library_path_lib.ps1'
[20.102s] INFO:colcon.colcon_core.shell:Creating environment descriptor '/home/ons/trial_ws/SMU_car3/install/diffdrive_arduino/share/diffdrive_arduino/hook/ld_library_path_lib.dsv'
[20.104s] INFO:colcon.colcon_core.shell:Creating environment hook '/home/ons/trial_ws/SMU_car3/install/diffdrive_arduino/share/diffdrive_arduino/hook/ld_library_path_lib.sh'
[20.105s] Level 1:colcon.colcon_core.environment:checking '/home/ons/trial_ws/SMU_car3/install/diffdrive_arduino/bin'
[20.105s] Level 1:colcon.colcon_core.environment:checking '/home/ons/trial_ws/SMU_car3/install/diffdrive_arduino/lib/pkgconfig/diffdrive_arduino.pc'
[20.106s] Level 1:colcon.colcon_core.environment:checking '/home/ons/trial_ws/SMU_car3/install/diffdrive_arduino/lib/python3.10/site-packages'
[20.107s] Level 1:colcon.colcon_core.environment:checking '/home/ons/trial_ws/SMU_car3/install/diffdrive_arduino/bin'
[20.163s] INFO:colcon.colcon_core.shell:Creating package script '/home/ons/trial_ws/SMU_car3/install/diffdrive_arduino/share/diffdrive_arduino/package.ps1'
[20.165s] INFO:colcon.colcon_core.shell:Creating package descriptor '/home/ons/trial_ws/SMU_car3/install/diffdrive_arduino/share/diffdrive_arduino/package.dsv'
[20.166s] INFO:colcon.colcon_core.shell:Creating package script '/home/ons/trial_ws/SMU_car3/install/diffdrive_arduino/share/diffdrive_arduino/package.sh'
[20.168s] INFO:colcon.colcon_core.shell:Creating package script '/home/ons/trial_ws/SMU_car3/install/diffdrive_arduino/share/diffdrive_arduino/package.bash'
[20.169s] INFO:colcon.colcon_core.shell:Creating package script '/home/ons/trial_ws/SMU_car3/install/diffdrive_arduino/share/diffdrive_arduino/package.zsh'
[20.172s] Level 1:colcon.colcon_core.environment:create_file_with_runtime_dependencies(/home/ons/trial_ws/SMU_car3/install/diffdrive_arduino/share/colcon-core/packages/diffdrive_arduino)
[20.342s] Level 1:colcon.colcon_core.environment:create_environment_scripts_only(diffdrive_arduino)
[20.388s] Level 1:colcon.colcon_core.environment:checking '/home/ons/trial_ws/SMU_car3/install/diffdrive_arduino' for CMake module files
[20.390s] Level 1:colcon.colcon_core.environment:checking '/home/ons/trial_ws/SMU_car3/install/diffdrive_arduino' for CMake config files
[20.390s] Level 1:colcon.colcon_core.shell:create_environment_hook('diffdrive_arduino', 'cmake_prefix_path')
[20.444s] INFO:colcon.colcon_core.shell:Creating environment hook '/home/ons/trial_ws/SMU_car3/install/diffdrive_arduino/share/diffdrive_arduino/hook/cmake_prefix_path.ps1'
[20.445s] INFO:colcon.colcon_core.shell:Creating environment descriptor '/home/ons/trial_ws/SMU_car3/install/diffdrive_arduino/share/diffdrive_arduino/hook/cmake_prefix_path.dsv'
[20.446s] INFO:colcon.colcon_core.shell:Creating environment hook '/home/ons/trial_ws/SMU_car3/install/diffdrive_arduino/share/diffdrive_arduino/hook/cmake_prefix_path.sh'
[20.448s] Level 1:colcon.colcon_core.environment:checking '/home/ons/trial_ws/SMU_car3/install/diffdrive_arduino/lib'
[20.448s] Level 1:colcon.colcon_core.shell:create_environment_hook('diffdrive_arduino', 'ld_library_path_lib')
[20.491s] INFO:colcon.colcon_core.shell:Creating environment hook '/home/ons/trial_ws/SMU_car3/install/diffdrive_arduino/share/diffdrive_arduino/hook/ld_library_path_lib.ps1'
[20.493s] INFO:colcon.colcon_core.shell:Creating environment descriptor '/home/ons/trial_ws/SMU_car3/install/diffdrive_arduino/share/diffdrive_arduino/hook/ld_library_path_lib.dsv'
[20.494s] INFO:colcon.colcon_core.shell:Creating environment hook '/home/ons/trial_ws/SMU_car3/install/diffdrive_arduino/share/diffdrive_arduino/hook/ld_library_path_lib.sh'
[20.495s] Level 1:colcon.colcon_core.environment:checking '/home/ons/trial_ws/SMU_car3/install/diffdrive_arduino/bin'
[20.495s] Level 1:colcon.colcon_core.environment:checking '/home/ons/trial_ws/SMU_car3/install/diffdrive_arduino/lib/pkgconfig/diffdrive_arduino.pc'
[20.496s] Level 1:colcon.colcon_core.environment:checking '/home/ons/trial_ws/SMU_car3/install/diffdrive_arduino/lib/python3.10/site-packages'
[20.496s] Level 1:colcon.colcon_core.environment:checking '/home/ons/trial_ws/SMU_car3/install/diffdrive_arduino/bin'
[20.542s] INFO:colcon.colcon_core.shell:Creating package script '/home/ons/trial_ws/SMU_car3/install/diffdrive_arduino/share/diffdrive_arduino/package.ps1'
[20.543s] INFO:colcon.colcon_core.shell:Creating package descriptor '/home/ons/trial_ws/SMU_car3/install/diffdrive_arduino/share/diffdrive_arduino/package.dsv'
[20.545s] INFO:colcon.colcon_core.shell:Creating package script '/home/ons/trial_ws/SMU_car3/install/diffdrive_arduino/share/diffdrive_arduino/package.sh'
[20.546s] INFO:colcon.colcon_core.shell:Creating package script '/home/ons/trial_ws/SMU_car3/install/diffdrive_arduino/share/diffdrive_arduino/package.bash'
[20.547s] INFO:colcon.colcon_core.shell:Creating package script '/home/ons/trial_ws/SMU_car3/install/diffdrive_arduino/share/diffdrive_arduino/package.zsh'
[20.548s] Level 1:colcon.colcon_core.environment:create_file_with_runtime_dependencies(/home/ons/trial_ws/SMU_car3/install/diffdrive_arduino/share/colcon-core/packages/diffdrive_arduino)
[20.649s] Level 1:colcon.colcon_core.environment:create_environment_scripts_only(serial_motor_demo_msgs)
[20.699s] Level 1:colcon.colcon_core.environment:checking '/home/ons/trial_ws/SMU_car3/install/serial_motor_demo_msgs' for CMake module files
[20.700s] Level 1:colcon.colcon_core.environment:checking '/home/ons/trial_ws/SMU_car3/install/serial_motor_demo_msgs' for CMake config files
[20.701s] Level 1:colcon.colcon_core.shell:create_environment_hook('serial_motor_demo_msgs', 'cmake_prefix_path')
[20.996s] INFO:colcon.colcon_core.shell:Creating environment hook '/home/ons/trial_ws/SMU_car3/install/serial_motor_demo_msgs/share/serial_motor_demo_msgs/hook/cmake_prefix_path.ps1'
[20.997s] INFO:colcon.colcon_core.shell:Creating environment descriptor '/home/ons/trial_ws/SMU_car3/install/serial_motor_demo_msgs/share/serial_motor_demo_msgs/hook/cmake_prefix_path.dsv'
[20.997s] INFO:colcon.colcon_core.shell:Creating environment hook '/home/ons/trial_ws/SMU_car3/install/serial_motor_demo_msgs/share/serial_motor_demo_msgs/hook/cmake_prefix_path.sh'
[20.998s] Level 1:colcon.colcon_core.environment:checking '/home/ons/trial_ws/SMU_car3/install/serial_motor_demo_msgs/lib'
[20.999s] Level 1:colcon.colcon_core.shell:create_environment_hook('serial_motor_demo_msgs', 'ld_library_path_lib')
[21.047s] INFO:colcon.colcon_core.shell:Creating environment hook '/home/ons/trial_ws/SMU_car3/install/serial_motor_demo_msgs/share/serial_motor_demo_msgs/hook/ld_library_path_lib.ps1'
[21.048s] INFO:colcon.colcon_core.shell:Creating environment descriptor '/home/ons/trial_ws/SMU_car3/install/serial_motor_demo_msgs/share/serial_motor_demo_msgs/hook/ld_library_path_lib.dsv'
[21.049s] INFO:colcon.colcon_core.shell:Creating environment hook '/home/ons/trial_ws/SMU_car3/install/serial_motor_demo_msgs/share/serial_motor_demo_msgs/hook/ld_library_path_lib.sh'
[21.050s] Level 1:colcon.colcon_core.environment:checking '/home/ons/trial_ws/SMU_car3/install/serial_motor_demo_msgs/bin'
[21.050s] Level 1:colcon.colcon_core.environment:checking '/home/ons/trial_ws/SMU_car3/install/serial_motor_demo_msgs/lib/pkgconfig/serial_motor_demo_msgs.pc'
[21.051s] Level 1:colcon.colcon_core.environment:checking '/home/ons/trial_ws/SMU_car3/install/serial_motor_demo_msgs/lib/python3.10/site-packages'
[21.052s] Level 1:colcon.colcon_core.environment:checking '/home/ons/trial_ws/SMU_car3/install/serial_motor_demo_msgs/bin'
[21.118s] INFO:colcon.colcon_core.shell:Creating package script '/home/ons/trial_ws/SMU_car3/install/serial_motor_demo_msgs/share/serial_motor_demo_msgs/package.ps1'
[21.119s] INFO:colcon.colcon_core.shell:Creating package descriptor '/home/ons/trial_ws/SMU_car3/install/serial_motor_demo_msgs/share/serial_motor_demo_msgs/package.dsv'
[21.124s] INFO:colcon.colcon_core.shell:Creating package script '/home/ons/trial_ws/SMU_car3/install/serial_motor_demo_msgs/share/serial_motor_demo_msgs/package.sh'
[21.125s] INFO:colcon.colcon_core.shell:Creating package script '/home/ons/trial_ws/SMU_car3/install/serial_motor_demo_msgs/share/serial_motor_demo_msgs/package.bash'
[21.126s] INFO:colcon.colcon_core.shell:Creating package script '/home/ons/trial_ws/SMU_car3/install/serial_motor_demo_msgs/share/serial_motor_demo_msgs/package.zsh'
[21.127s] Level 1:colcon.colcon_core.environment:create_file_with_runtime_dependencies(/home/ons/trial_ws/SMU_car3/install/serial_motor_demo_msgs/share/colcon-core/packages/serial_motor_demo_msgs)
[21.128s] INFO:colcon.colcon_ros.task.ament_python.build:Building ROS package in '/home/ons/trial_ws/SMU_car3/src/serial_motor_demo/serial_motor_demo' with build type 'ament_python'
[21.131s] Level 1:colcon.colcon_core.shell:create_environment_hook('serial_motor_demo', 'ament_prefix_path')
[21.196s] INFO:colcon.colcon_core.shell:Creating environment hook '/home/ons/trial_ws/SMU_car3/install/serial_motor_demo/share/serial_motor_demo/hook/ament_prefix_path.ps1'
[21.198s] INFO:colcon.colcon_core.shell:Creating environment descriptor '/home/ons/trial_ws/SMU_car3/install/serial_motor_demo/share/serial_motor_demo/hook/ament_prefix_path.dsv'
[21.201s] INFO:colcon.colcon_core.shell:Creating environment hook '/home/ons/trial_ws/SMU_car3/install/serial_motor_demo/share/serial_motor_demo/hook/ament_prefix_path.sh'
[21.299s] INFO:colcon.colcon_core.shell:Skip shell extension 'powershell' for command environment: Not usable outside of PowerShell
[21.299s] DEBUG:colcon.colcon_core.shell:Skip shell extension 'dsv' for command environment
[22.714s] INFO:colcon.colcon_core.task.python.build:Building Python package in '/home/ons/trial_ws/SMU_car3/src/serial_motor_demo/serial_motor_demo'
[22.735s] INFO:colcon.colcon_core.shell:Skip shell extension 'powershell' for command environment: Not usable outside of PowerShell
[22.735s] DEBUG:colcon.colcon_core.shell:Skip shell extension 'dsv' for command environment
[23.825s] DEBUG:colcon.colcon_core.event_handler.log_command:Invoking command in '/home/ons/trial_ws/SMU_car3/build/serial_motor_demo': AMENT_PREFIX_PATH=/home/ons/trial_ws/SMU_car3/install/serial_motor_demo_msgs:${AMENT_PREFIX_PATH} CMAKE_PREFIX_PATH=/home/ons/trial_ws/SMU_car3/install/serial_motor_demo_msgs LD_LIBRARY_PATH=/home/ons/trial_ws/SMU_car3/install/serial_motor_demo_msgs/lib:${LD_LIBRARY_PATH} PYTHONPATH=/home/ons/trial_ws/SMU_car3/build/serial_motor_demo/prefix_override:/home/ons/trial_ws/SMU_car3/install/serial_motor_demo/lib/python3.10/site-packages:/home/ons/trial_ws/SMU_car3/install/serial_motor_demo_msgs/local/lib/python3.10/dist-packages:${PYTHONPATH} /usr/bin/python3 setup.py develop --editable --build-directory /home/ons/trial_ws/SMU_car3/build/serial_motor_demo/build --no-deps install_data
[24.693s] Level 1:colcon.colcon_core.shell:create_environment_hook('serial_motor_demo', 'pythonpath_develop')
[24.694s] DEBUG:colcon.colcon_core.event_handler.log_command:Invoked command in '/home/ons/trial_ws/SMU_car3/build/serial_motor_demo' returned '0': AMENT_PREFIX_PATH=/home/ons/trial_ws/SMU_car3/install/serial_motor_demo_msgs:${AMENT_PREFIX_PATH} CMAKE_PREFIX_PATH=/home/ons/trial_ws/SMU_car3/install/serial_motor_demo_msgs LD_LIBRARY_PATH=/home/ons/trial_ws/SMU_car3/install/serial_motor_demo_msgs/lib:${LD_LIBRARY_PATH} PYTHONPATH=/home/ons/trial_ws/SMU_car3/build/serial_motor_demo/prefix_override:/home/ons/trial_ws/SMU_car3/install/serial_motor_demo/lib/python3.10/site-packages:/home/ons/trial_ws/SMU_car3/install/serial_motor_demo_msgs/local/lib/python3.10/dist-packages:${PYTHONPATH} /usr/bin/python3 setup.py develop --editable --build-directory /home/ons/trial_ws/SMU_car3/build/serial_motor_demo/build --no-deps install_data
[24.724s] INFO:colcon.colcon_core.shell:Creating environment hook '/home/ons/trial_ws/SMU_car3/build/serial_motor_demo/share/serial_motor_demo/hook/pythonpath_develop.ps1'
[24.725s] INFO:colcon.colcon_core.shell:Creating environment descriptor '/home/ons/trial_ws/SMU_car3/build/serial_motor_demo/share/serial_motor_demo/hook/pythonpath_develop.dsv'
[24.726s] INFO:colcon.colcon_core.shell:Creating environment hook '/home/ons/trial_ws/SMU_car3/build/serial_motor_demo/share/serial_motor_demo/hook/pythonpath_develop.sh'
[24.757s] Level 1:colcon.colcon_core.environment:checking '/home/ons/trial_ws/SMU_car3/install/serial_motor_demo' for CMake module files
[24.758s] Level 1:colcon.colcon_core.environment:checking '/home/ons/trial_ws/SMU_car3/install/serial_motor_demo' for CMake config files
[24.759s] Level 1:colcon.colcon_core.environment:checking '/home/ons/trial_ws/SMU_car3/install/serial_motor_demo/lib'
[24.760s] Level 1:colcon.colcon_core.environment:checking '/home/ons/trial_ws/SMU_car3/install/serial_motor_demo/bin'
[24.760s] Level 1:colcon.colcon_core.environment:checking '/home/ons/trial_ws/SMU_car3/install/serial_motor_demo/lib/pkgconfig/serial_motor_demo.pc'
[24.760s] Level 1:colcon.colcon_core.environment:checking '/home/ons/trial_ws/SMU_car3/install/serial_motor_demo/lib/python3.10/site-packages'
[24.761s] Level 1:colcon.colcon_core.shell:create_environment_hook('serial_motor_demo', 'pythonpath')
[24.801s] INFO:colcon.colcon_core.shell:Creating environment hook '/home/ons/trial_ws/SMU_car3/install/serial_motor_demo/share/serial_motor_demo/hook/pythonpath.ps1'
[24.804s] INFO:colcon.colcon_core.shell:Creating environment descriptor '/home/ons/trial_ws/SMU_car3/install/serial_motor_demo/share/serial_motor_demo/hook/pythonpath.dsv'
[24.805s] INFO:colcon.colcon_core.shell:Creating environment hook '/home/ons/trial_ws/SMU_car3/install/serial_motor_demo/share/serial_motor_demo/hook/pythonpath.sh'
[24.806s] Level 1:colcon.colcon_core.environment:checking '/home/ons/trial_ws/SMU_car3/install/serial_motor_demo/bin'
[24.806s] Level 1:colcon.colcon_core.environment:create_environment_scripts_only(serial_motor_demo)
[24.845s] INFO:colcon.colcon_core.shell:Creating package script '/home/ons/trial_ws/SMU_car3/install/serial_motor_demo/share/serial_motor_demo/package.ps1'
[24.847s] INFO:colcon.colcon_core.shell:Creating package descriptor '/home/ons/trial_ws/SMU_car3/install/serial_motor_demo/share/serial_motor_demo/package.dsv'
[24.849s] INFO:colcon.colcon_core.shell:Creating package script '/home/ons/trial_ws/SMU_car3/install/serial_motor_demo/share/serial_motor_demo/package.sh'
[24.850s] INFO:colcon.colcon_core.shell:Creating package script '/home/ons/trial_ws/SMU_car3/install/serial_motor_demo/share/serial_motor_demo/package.bash'
[24.851s] INFO:colcon.colcon_core.shell:Creating package script '/home/ons/trial_ws/SMU_car3/install/serial_motor_demo/share/serial_motor_demo/package.zsh'
[24.852s] Level 1:colcon.colcon_core.environment:create_file_with_runtime_dependencies(/home/ons/trial_ws/SMU_car3/install/serial_motor_demo/share/colcon-core/packages/serial_motor_demo)
[28.613s] DEBUG:colcon.colcon_core.event_handler.log_command:Invoked command in '/home/ons/trial_ws/SMU_car3/build/ydlidar' returned '0': CMAKE_PREFIX_PATH=/opt/ros/humble /usr/bin/cmake --build /home/ons/trial_ws/SMU_car3/build/ydlidar -- -j4 -l4
[28.656s] DEBUG:colcon.colcon_core.event_handler.log_command:Invoking command in '/home/ons/trial_ws/SMU_car3/build/ydlidar': CMAKE_PREFIX_PATH=/opt/ros/humble /usr/bin/cmake --install /home/ons/trial_ws/SMU_car3/build/ydlidar
[28.875s] Level 1:colcon.colcon_core.environment:create_environment_scripts_only(ydlidar)
[28.876s] DEBUG:colcon.colcon_core.event_handler.log_command:Invoked command in '/home/ons/trial_ws/SMU_car3/build/ydlidar' returned '0': CMAKE_PREFIX_PATH=/opt/ros/humble /usr/bin/cmake --install /home/ons/trial_ws/SMU_car3/build/ydlidar
[28.894s] Level 1:colcon.colcon_core.environment:checking '/home/ons/trial_ws/SMU_car3/install/ydlidar' for CMake module files
[28.895s] Level 1:colcon.colcon_core.environment:checking '/home/ons/trial_ws/SMU_car3/install/ydlidar' for CMake config files
[28.895s] Level 1:colcon.colcon_core.shell:create_environment_hook('ydlidar', 'cmake_prefix_path')
[28.911s] INFO:colcon.colcon_core.shell:Creating environment hook '/home/ons/trial_ws/SMU_car3/install/ydlidar/share/ydlidar/hook/cmake_prefix_path.ps1'
[28.911s] INFO:colcon.colcon_core.shell:Creating environment descriptor '/home/ons/trial_ws/SMU_car3/install/ydlidar/share/ydlidar/hook/cmake_prefix_path.dsv'
[28.911s] INFO:colcon.colcon_core.shell:Creating environment hook '/home/ons/trial_ws/SMU_car3/install/ydlidar/share/ydlidar/hook/cmake_prefix_path.sh'
[28.912s] Level 1:colcon.colcon_core.environment:checking '/home/ons/trial_ws/SMU_car3/install/ydlidar/lib'
[28.912s] Level 1:colcon.colcon_core.environment:checking '/home/ons/trial_ws/SMU_car3/install/ydlidar/bin'
[28.912s] Level 1:colcon.colcon_core.environment:checking '/home/ons/trial_ws/SMU_car3/install/ydlidar/lib/pkgconfig/ydlidar.pc'
[28.913s] Level 1:colcon.colcon_core.environment:checking '/home/ons/trial_ws/SMU_car3/install/ydlidar/lib/python3.10/site-packages'
[28.913s] Level 1:colcon.colcon_core.environment:checking '/home/ons/trial_ws/SMU_car3/install/ydlidar/bin'
[28.928s] INFO:colcon.colcon_core.shell:Creating package script '/home/ons/trial_ws/SMU_car3/install/ydlidar/share/ydlidar/package.ps1'
[28.929s] INFO:colcon.colcon_core.shell:Creating package descriptor '/home/ons/trial_ws/SMU_car3/install/ydlidar/share/ydlidar/package.dsv'
[28.929s] INFO:colcon.colcon_core.shell:Creating package script '/home/ons/trial_ws/SMU_car3/install/ydlidar/share/ydlidar/package.sh'
[28.930s] INFO:colcon.colcon_core.shell:Creating package script '/home/ons/trial_ws/SMU_car3/install/ydlidar/share/ydlidar/package.bash'
[28.930s] INFO:colcon.colcon_core.shell:Creating package script '/home/ons/trial_ws/SMU_car3/install/ydlidar/share/ydlidar/package.zsh'
[28.930s] Level 1:colcon.colcon_core.environment:create_file_with_runtime_dependencies(/home/ons/trial_ws/SMU_car3/install/ydlidar/share/colcon-core/packages/ydlidar)
[28.999s] Level 1:colcon.colcon_core.environment:create_environment_scripts_only(ydlidar)
[29.015s] Level 1:colcon.colcon_core.environment:checking '/home/ons/trial_ws/SMU_car3/install/ydlidar' for CMake module files
[29.015s] Level 1:colcon.colcon_core.environment:checking '/home/ons/trial_ws/SMU_car3/install/ydlidar' for CMake config files
[29.016s] Level 1:colcon.colcon_core.shell:create_environment_hook('ydlidar', 'cmake_prefix_path')
[29.030s] INFO:colcon.colcon_core.shell:Creating environment hook '/home/ons/trial_ws/SMU_car3/install/ydlidar/share/ydlidar/hook/cmake_prefix_path.ps1'
[29.031s] INFO:colcon.colcon_core.shell:Creating environment descriptor '/home/ons/trial_ws/SMU_car3/install/ydlidar/share/ydlidar/hook/cmake_prefix_path.dsv'
[29.031s] INFO:colcon.colcon_core.shell:Creating environment hook '/home/ons/trial_ws/SMU_car3/install/ydlidar/share/ydlidar/hook/cmake_prefix_path.sh'
[29.032s] Level 1:colcon.colcon_core.environment:checking '/home/ons/trial_ws/SMU_car3/install/ydlidar/lib'
[29.032s] Level 1:colcon.colcon_core.environment:checking '/home/ons/trial_ws/SMU_car3/install/ydlidar/bin'
[29.032s] Level 1:colcon.colcon_core.environment:checking '/home/ons/trial_ws/SMU_car3/install/ydlidar/lib/pkgconfig/ydlidar.pc'
[29.032s] Level 1:colcon.colcon_core.environment:checking '/home/ons/trial_ws/SMU_car3/install/ydlidar/lib/python3.10/site-packages'
[29.032s] Level 1:colcon.colcon_core.environment:checking '/home/ons/trial_ws/SMU_car3/install/ydlidar/bin'
[29.051s] INFO:colcon.colcon_core.shell:Creating package script '/home/ons/trial_ws/SMU_car3/install/ydlidar/share/ydlidar/package.ps1'
[29.052s] INFO:colcon.colcon_core.shell:Creating package descriptor '/home/ons/trial_ws/SMU_car3/install/ydlidar/share/ydlidar/package.dsv'
[29.052s] INFO:colcon.colcon_core.shell:Creating package script '/home/ons/trial_ws/SMU_car3/install/ydlidar/share/ydlidar/package.sh'
[29.053s] INFO:colcon.colcon_core.shell:Creating package script '/home/ons/trial_ws/SMU_car3/install/ydlidar/share/ydlidar/package.bash'
[29.053s] INFO:colcon.colcon_core.shell:Creating package script '/home/ons/trial_ws/SMU_car3/install/ydlidar/share/ydlidar/package.zsh'
[29.053s] Level 1:colcon.colcon_core.environment:create_file_with_runtime_dependencies(/home/ons/trial_ws/SMU_car3/install/ydlidar/share/colcon-core/packages/ydlidar)
[29.054s] DEBUG:colcon.colcon_parallel_executor.executor.parallel:closing loop
[29.055s] DEBUG:colcon.colcon_parallel_executor.executor.parallel:loop closed
[29.055s] DEBUG:colcon.colcon_parallel_executor.executor.parallel:run_until_complete finished with '0'
[29.055s] DEBUG:colcon.colcon_core.event_reactor:joining thread
[29.093s] INFO:colcon.colcon_core.plugin_system:Skipping extension 'colcon_notification.desktop_notification.terminal_notifier': Not used on non-Darwin systems
[29.094s] INFO:colcon.colcon_core.plugin_system:Skipping extension 'colcon_notification.desktop_notification.win32': Not used on non-Windows systems
[29.094s] INFO:colcon.colcon_notification.desktop_notification:Sending desktop notification using 'notify2'
[29.143s] DEBUG:colcon.colcon_core.event_reactor:joined thread
[29.161s] INFO:colcon.colcon_core.shell:Creating prefix script '/home/ons/trial_ws/SMU_car3/install/local_setup.ps1'
[29.162s] INFO:colcon.colcon_core.shell:Creating prefix util module '/home/ons/trial_ws/SMU_car3/install/_local_setup_util_ps1.py'
[29.164s] INFO:colcon.colcon_core.shell:Creating prefix chain script '/home/ons/trial_ws/SMU_car3/install/setup.ps1'
[29.185s] INFO:colcon.colcon_core.shell:Creating prefix script '/home/ons/trial_ws/SMU_car3/install/local_setup.sh'
[29.185s] INFO:colcon.colcon_core.shell:Creating prefix util module '/home/ons/trial_ws/SMU_car3/install/_local_setup_util_sh.py'
[29.186s] INFO:colcon.colcon_core.shell:Creating prefix chain script '/home/ons/trial_ws/SMU_car3/install/setup.sh'
[29.209s] INFO:colcon.colcon_core.shell:Creating prefix script '/home/ons/trial_ws/SMU_car3/install/local_setup.bash'
[29.209s] INFO:colcon.colcon_core.shell:Creating prefix chain script '/home/ons/trial_ws/SMU_car3/install/setup.bash'
[29.227s] INFO:colcon.colcon_core.shell:Creating prefix script '/home/ons/trial_ws/SMU_car3/install/local_setup.zsh'
[29.228s] INFO:colcon.colcon_core.shell:Creating prefix chain script '/home/ons/trial_ws/SMU_car3/install/setup.zsh'
