[0.205s] Invoking command in '/home/ons/trial_ws/SMU_car3/build/articubot_one': CMAKE_PREFIX_PATH=/opt/ros/humble /usr/bin/cmake /home/ons/trial_ws/SMU_car3/src/articubot_one -DAMENT_CMAKE_SYMLINK_INSTALL=1 -DCMAKE_INSTALL_PREFIX=/home/ons/trial_ws/SMU_car3/install/articubot_one
[0.359s] -- The C compiler identification is GNU 11.4.0
[0.497s] -- The CXX compiler identification is GNU 11.4.0
[0.517s] -- Detecting C compiler ABI info
[0.743s] -- Detecting C compiler ABI info - done
[0.764s] -- Check for working C compiler: /usr/bin/cc - skipped
[0.764s] -- Detecting C compile features
[0.764s] -- Detecting C compile features - done
[0.772s] -- Detecting CXX compiler ABI info
[0.999s] -- Detecting CXX compiler ABI info - done
[1.014s] -- Check for working CXX compiler: /usr/bin/c++ - skipped
[1.014s] -- Detecting CXX compile features
[1.015s] -- Detecting CXX compile features - done
[1.021s] -- Found ament_cmake: 1.3.5 (/opt/ros/humble/share/ament_cmake/cmake)
[1.307s] -- Found Python3: /usr/bin/python3.10 (found version "3.10.12") found components: Interpreter 
[1.423s] -- Override CMake install command with custom implementation using symlinks instead of copying resources
[1.459s] -- Found ament_lint_auto: 0.12.8 (/opt/ros/humble/share/ament_lint_auto/cmake)
[1.617s] -- Added test 'copyright' to check source files copyright and LICENSE
[1.622s] -- Added test 'flake8' to check Python code syntax and style conventions
[1.623s] -- Added test 'lint_cmake' to check CMake code style
[1.624s] -- Added test 'pep257' to check Python code against some of the docstring style conventions in PEP 257
[1.627s] -- Added test 'xmllint' to check XML markup files
[1.629s] -- Configuring done
[1.632s] -- Generating done
[1.633s] -- Build files have been written to: /home/ons/trial_ws/SMU_car3/build/articubot_one
[1.642s] Invoked command in '/home/ons/trial_ws/SMU_car3/build/articubot_one' returned '0': CMAKE_PREFIX_PATH=/opt/ros/humble /usr/bin/cmake /home/ons/trial_ws/SMU_car3/src/articubot_one -DAMENT_CMAKE_SYMLINK_INSTALL=1 -DCMAKE_INSTALL_PREFIX=/home/ons/trial_ws/SMU_car3/install/articubot_one
[1.643s] Invoking command in '/home/ons/trial_ws/SMU_car3/build/articubot_one': CMAKE_PREFIX_PATH=/opt/ros/humble /usr/bin/cmake --build /home/ons/trial_ws/SMU_car3/build/articubot_one -- -j4 -l4
[1.692s] Invoked command in '/home/ons/trial_ws/SMU_car3/build/articubot_one' returned '0': CMAKE_PREFIX_PATH=/opt/ros/humble /usr/bin/cmake --build /home/ons/trial_ws/SMU_car3/build/articubot_one -- -j4 -l4
[1.730s] Invoking command in '/home/ons/trial_ws/SMU_car3/build/articubot_one': CMAKE_PREFIX_PATH=/opt/ros/humble /usr/bin/cmake --install /home/ons/trial_ws/SMU_car3/build/articubot_one
[1.742s] -- Install configuration: ""
[1.743s] -- Execute custom install script
[1.744s] -- Symlinking: /home/ons/trial_ws/SMU_car3/install/articubot_one/share/articubot_one/config/ball_tracker_params_robot.yaml
[1.756s] -- Symlinking: /home/ons/trial_ws/SMU_car3/install/articubot_one/share/articubot_one/config/ball_tracker_params_sim.yaml
[1.765s] -- Symlinking: /home/ons/trial_ws/SMU_car3/install/articubot_one/share/articubot_one/config/drive_bot.rviz
[1.779s] -- Symlinking: /home/ons/trial_ws/SMU_car3/install/articubot_one/share/articubot_one/config/empty.yaml
[1.795s] -- Symlinking: /home/ons/trial_ws/SMU_car3/install/articubot_one/share/articubot_one/config/gaz_ros2_ctl_use_sim.yaml
[1.808s] -- Symlinking: /home/ons/trial_ws/SMU_car3/install/articubot_one/share/articubot_one/config/gazebo_params.yaml
[1.823s] -- Symlinking: /home/ons/trial_ws/SMU_car3/install/articubot_one/share/articubot_one/config/joystick.yaml
[1.842s] -- Symlinking: /home/ons/trial_ws/SMU_car3/install/articubot_one/share/articubot_one/config/main.rviz
[1.859s] -- Symlinking: /home/ons/trial_ws/SMU_car3/install/articubot_one/share/articubot_one/config/map.rviz
[1.876s] -- Symlinking: /home/ons/trial_ws/SMU_car3/install/articubot_one/share/articubot_one/config/mapper_params_online_async.yaml
[1.898s] -- Symlinking: /home/ons/trial_ws/SMU_car3/install/articubot_one/share/articubot_one/config/my_controllers.yaml
[1.911s] -- Symlinking: /home/ons/trial_ws/SMU_car3/install/articubot_one/share/articubot_one/config/nav2_params.yaml
[1.924s] -- Symlinking: /home/ons/trial_ws/SMU_car3/install/articubot_one/share/articubot_one/config/twist_mux.yaml
[1.936s] -- Symlinking: /home/ons/trial_ws/SMU_car3/install/articubot_one/share/articubot_one/config/view_bot.rviz
[1.950s] -- Symlinking: /home/ons/trial_ws/SMU_car3/install/articubot_one/share/articubot_one/description/camera.xacro
[1.966s] -- Symlinking: /home/ons/trial_ws/SMU_car3/install/articubot_one/share/articubot_one/description/depth_camera.xacro
[1.985s] -- Symlinking: /home/ons/trial_ws/SMU_car3/install/articubot_one/share/articubot_one/description/face.xacro
[1.999s] -- Symlinking: /home/ons/trial_ws/SMU_car3/install/articubot_one/share/articubot_one/description/gazebo_control.xacro
[2.012s] -- Symlinking: /home/ons/trial_ws/SMU_car3/install/articubot_one/share/articubot_one/description/inertial_macros.xacro
[2.026s] -- Symlinking: /home/ons/trial_ws/SMU_car3/install/articubot_one/share/articubot_one/description/lidar.xacro
[2.040s] -- Symlinking: /home/ons/trial_ws/SMU_car3/install/articubot_one/share/articubot_one/description/robot.urdf.xacro
[2.053s] -- Symlinking: /home/ons/trial_ws/SMU_car3/install/articubot_one/share/articubot_one/description/robot_core.xacro
[2.066s] -- Symlinking: /home/ons/trial_ws/SMU_car3/install/articubot_one/share/articubot_one/description/ros2_control.xacro
[2.087s] -- Symlinking: /home/ons/trial_ws/SMU_car3/install/articubot_one/share/articubot_one/launch/ball_tracker.launch.py
[2.100s] -- Symlinking: /home/ons/trial_ws/SMU_car3/install/articubot_one/share/articubot_one/launch/camera.launch.py
[2.112s] -- Symlinking: /home/ons/trial_ws/SMU_car3/install/articubot_one/share/articubot_one/launch/joystick.launch.py
[2.126s] -- Symlinking: /home/ons/trial_ws/SMU_car3/install/articubot_one/share/articubot_one/launch/launch_robot.launch.py
[2.138s] -- Symlinking: /home/ons/trial_ws/SMU_car3/install/articubot_one/share/articubot_one/launch/launch_sim.launch.py
[2.151s] -- Symlinking: /home/ons/trial_ws/SMU_car3/install/articubot_one/share/articubot_one/launch/localization_launch.py
[2.166s] -- Symlinking: /home/ons/trial_ws/SMU_car3/install/articubot_one/share/articubot_one/launch/navigation_launch.py
[2.184s] -- Symlinking: /home/ons/trial_ws/SMU_car3/install/articubot_one/share/articubot_one/launch/online_async_launch.py
[2.197s] -- Symlinking: /home/ons/trial_ws/SMU_car3/install/articubot_one/share/articubot_one/launch/rplidar.launch.py
[2.210s] -- Symlinking: /home/ons/trial_ws/SMU_car3/install/articubot_one/share/articubot_one/launch/rsp.launch.py
[2.223s] -- Symlinking: /home/ons/trial_ws/SMU_car3/install/articubot_one/share/articubot_one/worlds/empty.world
[2.236s] -- Symlinking: /home/ons/trial_ws/SMU_car3/install/articubot_one/share/articubot_one/worlds/obstacles.world
[2.249s] -- Symlinking: /home/ons/trial_ws/SMU_car3/install/articubot_one/share/ament_index/resource_index/package_run_dependencies/articubot_one
[2.262s] -- Symlinking: /home/ons/trial_ws/SMU_car3/install/articubot_one/share/ament_index/resource_index/parent_prefix_path/articubot_one
[2.275s] -- Symlinking: /home/ons/trial_ws/SMU_car3/install/articubot_one/share/articubot_one/environment/ament_prefix_path.sh
[2.294s] -- Symlinking: /home/ons/trial_ws/SMU_car3/install/articubot_one/share/articubot_one/environment/ament_prefix_path.dsv
[2.307s] -- Symlinking: /home/ons/trial_ws/SMU_car3/install/articubot_one/share/articubot_one/environment/path.sh
[2.320s] -- Symlinking: /home/ons/trial_ws/SMU_car3/install/articubot_one/share/articubot_one/environment/path.dsv
[2.333s] -- Symlinking: /home/ons/trial_ws/SMU_car3/install/articubot_one/share/articubot_one/local_setup.bash
[2.347s] -- Symlinking: /home/ons/trial_ws/SMU_car3/install/articubot_one/share/articubot_one/local_setup.sh
[2.361s] -- Symlinking: /home/ons/trial_ws/SMU_car3/install/articubot_one/share/articubot_one/local_setup.zsh
[2.374s] -- Symlinking: /home/ons/trial_ws/SMU_car3/install/articubot_one/share/articubot_one/local_setup.dsv
[2.393s] -- Symlinking: /home/ons/trial_ws/SMU_car3/install/articubot_one/share/articubot_one/package.dsv
[2.405s] -- Symlinking: /home/ons/trial_ws/SMU_car3/install/articubot_one/share/ament_index/resource_index/packages/articubot_one
[2.417s] -- Symlinking: /home/ons/trial_ws/SMU_car3/install/articubot_one/share/articubot_one/cmake/articubot_oneConfig.cmake
[2.430s] -- Symlinking: /home/ons/trial_ws/SMU_car3/install/articubot_one/share/articubot_one/cmake/articubot_oneConfig-version.cmake
[2.443s] -- Symlinking: /home/ons/trial_ws/SMU_car3/install/articubot_one/share/articubot_one/package.xml
[2.461s] Invoked command in '/home/ons/trial_ws/SMU_car3/build/articubot_one' returned '0': CMAKE_PREFIX_PATH=/opt/ros/humble /usr/bin/cmake --install /home/ons/trial_ws/SMU_car3/build/articubot_one
