[2.695s] Invoking command in '/home/ons/trial_ws/SMU_car3/build/serial_motor_demo': AMENT_PREFIX_PATH=/home/ons/trial_ws/SMU_car3/install/serial_motor_demo_msgs:${AMENT_PREFIX_PATH} CMAKE_PREFIX_PATH=/home/ons/trial_ws/SMU_car3/install/serial_motor_demo_msgs LD_LIBRARY_PATH=/home/ons/trial_ws/SMU_car3/install/serial_motor_demo_msgs/lib:${LD_LIBRARY_PATH} PYTHONPATH=/home/ons/trial_ws/SMU_car3/build/serial_motor_demo/prefix_override:/home/ons/trial_ws/SMU_car3/install/serial_motor_demo/lib/python3.10/site-packages:/home/ons/trial_ws/SMU_car3/install/serial_motor_demo_msgs/local/lib/python3.10/dist-packages:${PYTHONPATH} /usr/bin/python3 setup.py develop --editable --build-directory /home/ons/trial_ws/SMU_car3/build/serial_motor_demo/build --no-deps install_data
[3.112s] /home/ons/.local/lib/python3.10/site-packages/setuptools/dist.py:717: UserWarning: Usage of dash-separated 'script-dir' will not be supported in future versions. Please use the underscore name 'script_dir' instead
[3.113s]   warnings.warn(
[3.201s] running develop
[3.489s] running egg_info
[3.489s] creating serial_motor_demo.egg-info
[3.489s] writing serial_motor_demo.egg-info/PKG-INFO
[3.490s] writing dependency_links to serial_motor_demo.egg-info/dependency_links.txt
[3.490s] writing entry points to serial_motor_demo.egg-info/entry_points.txt
[3.490s] writing requirements to serial_motor_demo.egg-info/requires.txt
[3.490s] writing top-level names to serial_motor_demo.egg-info/top_level.txt
[3.490s] writing manifest file 'serial_motor_demo.egg-info/SOURCES.txt'
[3.493s] reading manifest file 'serial_motor_demo.egg-info/SOURCES.txt'
[3.494s] writing manifest file 'serial_motor_demo.egg-info/SOURCES.txt'
[3.496s] running build_ext
[3.496s] Creating /home/ons/trial_ws/SMU_car3/install/serial_motor_demo/lib/python3.10/site-packages/serial-motor-demo.egg-link (link to .)
[3.498s] Installing driver script to /home/ons/trial_ws/SMU_car3/install/serial_motor_demo/lib/serial_motor_demo
[3.498s] Installing gui script to /home/ons/trial_ws/SMU_car3/install/serial_motor_demo/lib/serial_motor_demo
[3.498s] 
[3.498s] Installed /home/ons/trial_ws/SMU_car3/build/serial_motor_demo
[3.498s] running install_data
[3.499s] creating /home/ons/trial_ws/SMU_car3/install/serial_motor_demo/share/ament_index
[3.499s] creating /home/ons/trial_ws/SMU_car3/install/serial_motor_demo/share/ament_index/resource_index
[3.499s] creating /home/ons/trial_ws/SMU_car3/install/serial_motor_demo/share/ament_index/resource_index/packages
[3.499s] copying resource/serial_motor_demo -> /home/ons/trial_ws/SMU_car3/install/serial_motor_demo/share/ament_index/resource_index/packages
[3.499s] copying package.xml -> /home/ons/trial_ws/SMU_car3/install/serial_motor_demo/share/serial_motor_demo
[3.565s] Invoked command in '/home/ons/trial_ws/SMU_car3/build/serial_motor_demo' returned '0': AMENT_PREFIX_PATH=/home/ons/trial_ws/SMU_car3/install/serial_motor_demo_msgs:${AMENT_PREFIX_PATH} CMAKE_PREFIX_PATH=/home/ons/trial_ws/SMU_car3/install/serial_motor_demo_msgs LD_LIBRARY_PATH=/home/ons/trial_ws/SMU_car3/install/serial_motor_demo_msgs/lib:${LD_LIBRARY_PATH} PYTHONPATH=/home/ons/trial_ws/SMU_car3/build/serial_motor_demo/prefix_override:/home/ons/trial_ws/SMU_car3/install/serial_motor_demo/lib/python3.10/site-packages:/home/ons/trial_ws/SMU_car3/install/serial_motor_demo_msgs/local/lib/python3.10/dist-packages:${PYTHONPATH} /usr/bin/python3 setup.py develop --editable --build-directory /home/ons/trial_ws/SMU_car3/build/serial_motor_demo/build --no-deps install_data
