[0.149s] Invoking command in '/home/ons/trial_ws/SMU_car3/build/diffdrive_arduino': CMAKE_PREFIX_PATH=/opt/ros/humble /usr/bin/cmake /home/ons/trial_ws/SMU_car3/src/diffdrive_arduino -DAMENT_CMAKE_SYMLINK_INSTALL=1 -DCMAKE_INSTALL_PREFIX=/home/ons/trial_ws/SMU_car3/install/diffdrive_arduino
[0.368s] -- The CXX compiler identification is GNU 11.4.0
[0.396s] -- Detecting CXX compiler ABI info
[0.606s] -- Detecting CXX compiler ABI info - done
[0.628s] -- Check for working CXX compiler: /usr/bin/c++ - skipped
[0.629s] -- Detecting CXX compile features
[0.631s] -- Detecting CXX compile features - done
[0.643s] -- Found ament_cmake: 1.3.5 (/opt/ros/humble/share/ament_cmake/cmake)
[1.045s] -- Found Python3: /usr/bin/python3.10 (found version "3.10.12") found components: Interpreter 
[1.171s] -- Override CMake install command with custom implementation using symlinks instead of copying resources
[1.221s] -- Found hardware_interface: 2.32.0 (/opt/ros/humble/share/hardware_interface/cmake)
[1.309s] -- Found rosidl_generator_c: 3.1.5 (/opt/ros/humble/share/rosidl_generator_c/cmake)
[1.320s] -- Found rosidl_adapter: 3.1.5 (/opt/ros/humble/share/rosidl_adapter/cmake)
[1.336s] -- Found rosidl_generator_cpp: 3.1.5 (/opt/ros/humble/share/rosidl_generator_cpp/cmake)
[1.369s] -- Using all available rosidl_typesupport_c: rosidl_typesupport_fastrtps_c;rosidl_typesupport_introspection_c
[1.408s] -- Using all available rosidl_typesupport_cpp: rosidl_typesupport_fastrtps_cpp;rosidl_typesupport_introspection_cpp
[2.724s] -- Found rmw_implementation_cmake: 6.1.1 (/opt/ros/humble/share/rmw_implementation_cmake/cmake)
[2.729s] -- Found rmw_fastrtps_cpp: 6.2.4 (/opt/ros/humble/share/rmw_fastrtps_cpp/cmake)
[2.873s] -- Found OpenSSL: /usr/lib/x86_64-linux-gnu/libcrypto.so (found version "3.0.2")  
[2.915s] -- Found FastRTPS: /opt/ros/humble/include  
[2.984s] -- Using RMW implementation 'rmw_fastrtps_cpp' as default
[3.002s] -- Looking for C++ include pthread.h
[3.232s] -- Looking for C++ include pthread.h - found
[3.232s] -- Performing Test CMAKE_HAVE_LIBC_PTHREAD
[3.404s] -- Performing Test CMAKE_HAVE_LIBC_PTHREAD - Success
[3.405s] -- Found Threads: TRUE  
[4.107s] -- Found ament_cmake_gtest: 1.3.5 (/opt/ros/humble/share/ament_cmake_gtest/cmake)
[4.248s] -- Configuring done
[4.310s] -- Generating done
[4.313s] -- Build files have been written to: /home/ons/trial_ws/SMU_car3/build/diffdrive_arduino
[4.346s] Invoked command in '/home/ons/trial_ws/SMU_car3/build/diffdrive_arduino' returned '0': CMAKE_PREFIX_PATH=/opt/ros/humble /usr/bin/cmake /home/ons/trial_ws/SMU_car3/src/diffdrive_arduino -DAMENT_CMAKE_SYMLINK_INSTALL=1 -DCMAKE_INSTALL_PREFIX=/home/ons/trial_ws/SMU_car3/install/diffdrive_arduino
[4.347s] Invoking command in '/home/ons/trial_ws/SMU_car3/build/diffdrive_arduino': CMAKE_PREFIX_PATH=/opt/ros/humble /usr/bin/cmake --build /home/ons/trial_ws/SMU_car3/build/diffdrive_arduino -- -j4 -l4
[4.494s] [ 50%] [32mBuilding CXX object CMakeFiles/diffdrive_arduino.dir/hardware/diffbot_system.cpp.o[0m
[16.233s] [100%] [32m[1mLinking CXX shared library libdiffdrive_arduino.so[0m
[17.163s] [100%] Built target diffdrive_arduino
[17.219s] Invoked command in '/home/ons/trial_ws/SMU_car3/build/diffdrive_arduino' returned '0': CMAKE_PREFIX_PATH=/opt/ros/humble /usr/bin/cmake --build /home/ons/trial_ws/SMU_car3/build/diffdrive_arduino -- -j4 -l4
[17.281s] Invoking command in '/home/ons/trial_ws/SMU_car3/build/diffdrive_arduino': CMAKE_PREFIX_PATH=/opt/ros/humble /usr/bin/cmake --install /home/ons/trial_ws/SMU_car3/build/diffdrive_arduino
[17.300s] -- Install configuration: ""
[17.305s] -- Execute custom install script
[17.306s] -- Symlinking: /home/ons/trial_ws/SMU_car3/install/diffdrive_arduino/share/diffdrive_arduino//diffdrive_arduino.xml
[17.328s] -- Symlinking: /home/ons/trial_ws/SMU_car3/install/diffdrive_arduino/include/diffdrive_arduino/diffdrive_arduino/arduino_comms.hpp
[17.348s] -- Symlinking: /home/ons/trial_ws/SMU_car3/install/diffdrive_arduino/include/diffdrive_arduino/diffdrive_arduino/diffbot_system.hpp
[17.370s] -- Symlinking: /home/ons/trial_ws/SMU_car3/install/diffdrive_arduino/include/diffdrive_arduino/diffdrive_arduino/visibility_control.h
[17.393s] -- Symlinking: /home/ons/trial_ws/SMU_car3/install/diffdrive_arduino/include/diffdrive_arduino/diffdrive_arduino/wheel.hpp
[17.415s] -- Symlinking: /home/ons/trial_ws/SMU_car3/install/diffdrive_arduino/share/diffdrive_arduino/launch/view_robot.launch.py
[17.438s] -- Symlinking: /home/ons/trial_ws/SMU_car3/install/diffdrive_arduino/share/diffdrive_arduino/ros2_control/diffbot.ros2_control.xacro
[17.459s] -- Symlinking: /home/ons/trial_ws/SMU_car3/install/diffdrive_arduino/share/diffdrive_arduino/urdf/diffbot.materials.xacro
[17.480s] -- Symlinking: /home/ons/trial_ws/SMU_car3/install/diffdrive_arduino/share/diffdrive_arduino/urdf/diffbot.urdf.xacro
[17.498s] -- Symlinking: /home/ons/trial_ws/SMU_car3/install/diffdrive_arduino/share/diffdrive_arduino/urdf/diffbot_description.urdf.xacro
[17.525s] -- Symlinking: /home/ons/trial_ws/SMU_car3/install/diffdrive_arduino/share/diffdrive_arduino/rviz/diffbot.rviz
[17.577s] -- Symlinking: /home/ons/trial_ws/SMU_car3/install/diffdrive_arduino/share/diffdrive_arduino/rviz/diffbot_view.rviz
[17.601s] -- Symlinking: /home/ons/trial_ws/SMU_car3/install/diffdrive_arduino/share/diffdrive_arduino/launch/diffbot.launch.py
[17.627s] -- Symlinking: /home/ons/trial_ws/SMU_car3/install/diffdrive_arduino/share/diffdrive_arduino/config/diffbot_controllers.yaml
[17.655s] -- Symlinking: /home/ons/trial_ws/SMU_car3/install/diffdrive_arduino/share/diffdrive_arduino/environment/library_path.sh
[17.675s] -- Symlinking: /home/ons/trial_ws/SMU_car3/install/diffdrive_arduino/share/diffdrive_arduino/environment/library_path.dsv
[17.694s] -- Symlinking: /home/ons/trial_ws/SMU_car3/install/diffdrive_arduino/share/ament_index/resource_index/package_run_dependencies/diffdrive_arduino
[17.723s] -- Symlinking: /home/ons/trial_ws/SMU_car3/install/diffdrive_arduino/share/ament_index/resource_index/parent_prefix_path/diffdrive_arduino
[17.744s] -- Symlinking: /home/ons/trial_ws/SMU_car3/install/diffdrive_arduino/share/diffdrive_arduino/environment/ament_prefix_path.sh
[17.765s] -- Symlinking: /home/ons/trial_ws/SMU_car3/install/diffdrive_arduino/share/diffdrive_arduino/environment/ament_prefix_path.dsv
[17.787s] -- Symlinking: /home/ons/trial_ws/SMU_car3/install/diffdrive_arduino/share/diffdrive_arduino/environment/path.sh
[17.809s] -- Symlinking: /home/ons/trial_ws/SMU_car3/install/diffdrive_arduino/share/diffdrive_arduino/environment/path.dsv
[17.836s] -- Symlinking: /home/ons/trial_ws/SMU_car3/install/diffdrive_arduino/share/diffdrive_arduino/local_setup.bash
[17.845s] -- Symlinking: /home/ons/trial_ws/SMU_car3/install/diffdrive_arduino/share/diffdrive_arduino/local_setup.sh
[17.865s] -- Symlinking: /home/ons/trial_ws/SMU_car3/install/diffdrive_arduino/share/diffdrive_arduino/local_setup.zsh
[17.886s] -- Symlinking: /home/ons/trial_ws/SMU_car3/install/diffdrive_arduino/share/diffdrive_arduino/local_setup.dsv
[17.906s] -- Symlinking: /home/ons/trial_ws/SMU_car3/install/diffdrive_arduino/share/diffdrive_arduino/package.dsv
[17.929s] -- Symlinking: /home/ons/trial_ws/SMU_car3/install/diffdrive_arduino/share/ament_index/resource_index/packages/diffdrive_arduino
[17.950s] -- Symlinking: /home/ons/trial_ws/SMU_car3/install/diffdrive_arduino/share/ament_index/resource_index/hardware_interface__pluginlib__plugin/diffdrive_arduino
[17.972s] -- Symlinking: /home/ons/trial_ws/SMU_car3/install/diffdrive_arduino/share/diffdrive_arduino/cmake/ament_cmake_export_targets-extras.cmake
[17.991s] -- Symlinking: /home/ons/trial_ws/SMU_car3/install/diffdrive_arduino/share/diffdrive_arduino/cmake/ament_cmake_export_dependencies-extras.cmake
[18.023s] -- Symlinking: /home/ons/trial_ws/SMU_car3/install/diffdrive_arduino/share/diffdrive_arduino/cmake/diffdrive_arduinoConfig.cmake
[18.048s] -- Symlinking: /home/ons/trial_ws/SMU_car3/install/diffdrive_arduino/share/diffdrive_arduino/cmake/diffdrive_arduinoConfig-version.cmake
[18.093s] -- Symlinking: /home/ons/trial_ws/SMU_car3/install/diffdrive_arduino/share/diffdrive_arduino/package.xml
[18.117s] -- Installing: /home/ons/trial_ws/SMU_car3/install/diffdrive_arduino/lib/libdiffdrive_arduino.so
[18.119s] -- Set runtime path of "/home/ons/trial_ws/SMU_car3/install/diffdrive_arduino/lib/libdiffdrive_arduino.so" to ""
[18.120s] -- Installing: /home/ons/trial_ws/SMU_car3/install/diffdrive_arduino/share/diffdrive_arduino/cmake/export_diffdrive_arduinoExport.cmake
[18.126s] -- Installing: /home/ons/trial_ws/SMU_car3/install/diffdrive_arduino/share/diffdrive_arduino/cmake/export_diffdrive_arduinoExport-noconfig.cmake
[18.371s] Invoked command in '/home/ons/trial_ws/SMU_car3/build/diffdrive_arduino' returned '0': CMAKE_PREFIX_PATH=/opt/ros/humble /usr/bin/cmake --install /home/ons/trial_ws/SMU_car3/build/diffdrive_arduino
